#
# There is insufficient memory for the Java Runtime Environment to continue.
# Native memory allocation (malloc) failed to allocate 1078416 bytes. Error detail: Chunk::new
# Possible reasons:
#   The system is out of physical RAM or swap space
#   This process is running with CompressedOops enabled, and the Java Heap may be blocking the growth of the native heap
# Possible solutions:
#   Reduce memory load on the system
#   Increase physical memory or swap space
#   Check if swap backing store is full
#   Decrease Java heap size (-Xmx/-Xms)
#   Decrease number of Java threads
#   Decrease Java thread stack sizes (-Xss)
#   Set larger code cache with -XX:ReservedCodeCacheSize=
#   JVM is running with Unscaled Compressed Oops mode in which the Java heap is
#     placed in the first 4GB address space. The Java Heap base address is the
#     maximum limit for the native heap growth. Please use -XX:HeapBaseMinAddress
#     to set the Java Heap base and to place the Java Heap above 4GB virtual address.
# This output file may be truncated or incomplete.
#
#  Out of Memory Error (arena.cpp:168), pid=23316, tid=18504
#
# JRE version: OpenJDK Runtime Environment (21.0.8) (build 21.0.8+-14196175-b1038.72)
# Java VM: OpenJDK 64-Bit Server VM (21.0.8+-14196175-b1038.72, mixed mode, tiered, compressed oops, compressed class ptrs, g1 gc, windows-amd64)
# No core dump will be written. Minidumps are not enabled by default on client versions of Windows
#

---------------  S U M M A R Y ------------

Command Line: org.jetbrains.kotlin.cli.jvm.K2JVMCompiler @C:\Rafid\Uji kompetensi\UKOM\aplikasi Trifhop\frontend apk\app\build\20260330_7926369356188431493.compiler.options

Host: AMD Athlon Gold 3150U with Radeon Graphics     , 4 cores, 5G,  Windows 11 , 64 bit Build 26100 (10.0.26100.7920)
Time: Mon Mar 30 00:41:19 2026 SE Asia Standard Time elapsed time: 61.953015 seconds (0d 0h 1m 1s)

---------------  T H R E A D  ---------------

Current thread (0x0000018db5072770):  JavaThread "C2 CompilerThread0" daemon [_thread_in_native, id=18504, stack(0x000000137a600000,0x000000137a700000) (1024K)]


Current CompileTask:
C2:61953 9997   !   4       org.jetbrains.kotlin.fir.deserialization.FirTypeDeserializer::computeClassifier (101 bytes)

Stack: [0x000000137a600000,0x000000137a700000]
Native frames: (J=compiled Java code, j=interpreted, Vv=VM code, C=native code)
V  [jvm.dll+0x6d68d9]
V  [jvm.dll+0x866693]
V  [jvm.dll+0x868c4e]
V  [jvm.dll+0x869333]
V  [jvm.dll+0x280566]
V  [jvm.dll+0xc07cd]
V  [jvm.dll+0xc0d03]
V  [jvm.dll+0x2f5970]
V  [jvm.dll+0x5ff719]
V  [jvm.dll+0x252362]
V  [jvm.dll+0x24ac0a]
V  [jvm.dll+0x24871e]
V  [jvm.dll+0x1c73a4]
V  [jvm.dll+0x257f9e]
V  [jvm.dll+0x2564e6]
V  [jvm.dll+0x3f4696]
V  [jvm.dll+0x80eac8]
V  [jvm.dll+0x6d512d]
C  [ucrtbase.dll+0x37b0]
C  [KERNEL32.DLL+0x2e8d7]
C  [ntdll.dll+0x8c48c]


---------------  P R O C E S S  ---------------

Threads class SMR info:
_java_thread_list=0x0000018dc0064720, length=11, elements={
0x0000018d9c7cf8e0, 0x0000018db505a660, 0x0000018db4f0ce50, 0x0000018db4f0e4d0,
0x0000018db5084be0, 0x0000018db5085250, 0x0000018db5086820, 0x0000018db50719e0,
0x0000018db5072770, 0x0000018db5075460, 0x0000018db5227ca0
}

Java Threads: ( => current thread )
  0x0000018d9c7cf8e0 JavaThread "main"                              [_thread_in_Java, id=11076, stack(0x0000001379700000,0x0000001379800000) (1024K)]
  0x0000018db505a660 JavaThread "Common-Cleaner"             daemon [_thread_blocked, id=13816, stack(0x0000001379f00000,0x000000137a000000) (1024K)]
  0x0000018db4f0ce50 JavaThread "Reference Handler"          daemon [_thread_blocked, id=21512, stack(0x000000137a000000,0x000000137a100000) (1024K)]
  0x0000018db4f0e4d0 JavaThread "Finalizer"                  daemon [_thread_blocked, id=2204, stack(0x000000137a100000,0x000000137a200000) (1024K)]
  0x0000018db5084be0 JavaThread "Signal Dispatcher"          daemon [_thread_blocked, id=3376, stack(0x000000137a200000,0x000000137a300000) (1024K)]
  0x0000018db5085250 JavaThread "Attach Listener"            daemon [_thread_blocked, id=20132, stack(0x000000137a300000,0x000000137a400000) (1024K)]
  0x0000018db5086820 JavaThread "Service Thread"             daemon [_thread_blocked, id=11084, stack(0x000000137a400000,0x000000137a500000) (1024K)]
  0x0000018db50719e0 JavaThread "Monitor Deflation Thread"   daemon [_thread_blocked, id=11040, stack(0x000000137a500000,0x000000137a600000) (1024K)]
=>0x0000018db5072770 JavaThread "C2 CompilerThread0"         daemon [_thread_in_native, id=18504, stack(0x000000137a600000,0x000000137a700000) (1024K)]
  0x0000018db5075460 JavaThread "C1 CompilerThread0"         daemon [_thread_blocked, id=932, stack(0x000000137a700000,0x000000137a800000) (1024K)]
  0x0000018db5227ca0 JavaThread "Notification Thread"        daemon [_thread_blocked, id=18140, stack(0x000000137a800000,0x000000137a900000) (1024K)]
Total: 11

Other Threads:
  0x0000018db4e9cd00 VMThread "VM Thread"                           [id=16884, stack(0x0000001379e00000,0x0000001379f00000) (1024K)]
  0x0000018db4e39e50 WatcherThread "VM Periodic Task Thread"        [id=17892, stack(0x0000001379d00000,0x0000001379e00000) (1024K)]
  0x0000018d9eb1c8b0 WorkerThread "GC Thread#0"                     [id=20168, stack(0x0000001379800000,0x0000001379900000) (1024K)]
  0x0000018db57a6ee0 WorkerThread "GC Thread#1"                     [id=16784, stack(0x000000137a900000,0x000000137aa00000) (1024K)]
  0x0000018db57c61e0 WorkerThread "GC Thread#2"                     [id=21324, stack(0x000000137aa00000,0x000000137ab00000) (1024K)]
  0x0000018db57c6580 WorkerThread "GC Thread#3"                     [id=2620, stack(0x000000137ab00000,0x000000137ac00000) (1024K)]
  0x0000018d9eb29e20 ConcurrentGCThread "G1 Main Marker"            [id=16436, stack(0x0000001379900000,0x0000001379a00000) (1024K)]
  0x0000018d9eb2b760 WorkerThread "G1 Conc#0"                       [id=16916, stack(0x0000001379a00000,0x0000001379b00000) (1024K)]
  0x0000018d9eb9cb80 ConcurrentGCThread "G1 Refine#0"               [id=22688, stack(0x0000001379b00000,0x0000001379c00000) (1024K)]
  0x0000018d9eb9d6f0 ConcurrentGCThread "G1 Service"                [id=19012, stack(0x0000001379c00000,0x0000001379d00000) (1024K)]
Total: 10

Threads with active compile tasks:
C2 CompilerThread0  62012 9997   !   4       org.jetbrains.kotlin.fir.deserialization.FirTypeDeserializer::computeClassifier (101 bytes)
Total: 1

VM state: not at safepoint (normal execution)

VM Mutex/Monitor currently owned by a thread: None

Heap address: 0x00000000a1400000, size: 1516 MB, Compressed Oops mode: 32-bit

CDS archive(s) not mapped
Compressed class space mapped at: 0x0000000100000000-0x0000000140000000, reserved size: 1073741824
Narrow klass base: 0x0000000000000000, Narrow klass shift: 3, Narrow klass range: 0x140000000

GC Precious Log:
 CardTable entry size: 512
 Card Set container configuration: InlinePtr #cards 5 size 8 Array Of Cards #cards 12 size 40 Howl #buckets 4 coarsen threshold 1843 Howl Bitmap #cards 512 size 80 coarsen threshold 460 Card regions per heap region 1 cards per card region 2048
 CPUs: 4 total, 4 available
 Memory: 6059M
 Large Page Support: Disabled
 NUMA Support: Disabled
 Compressed Oops: Enabled (32-bit)
 Heap Region Size: 1M
 Heap Min Capacity: 8M
 Heap Initial Capacity: 96M
 Heap Max Capacity: 1516M
 Pre-touch: Disabled
 Parallel Workers: 4
 Concurrent Workers: 1
 Concurrent Refinement Workers: 4
 Periodic GC: Disabled

Heap:
 garbage-first heap   total 258048K, used 200589K [0x00000000a1400000, 0x0000000100000000)
  region size 1024K, 45 young (46080K), 4 survivors (4096K)
 Metaspace       used 65615K, committed 65984K, reserved 1114112K
  class space    used 7427K, committed 7616K, reserved 1048576K

Heap Regions: E=young(eden), S=young(survivor), O=old, HS=humongous(starts), HC=humongous(continues), CS=collection set, F=free, TAMS=top-at-mark-start, PB=parsable bottom
|   0|0x00000000a1400000, 0x00000000a1500000, 0x00000000a1500000|100%|HS|  |TAMS 0x00000000a1400000| PB 0x00000000a1400000| Complete 
|   1|0x00000000a1500000, 0x00000000a1600000, 0x00000000a1600000|100%|HC|  |TAMS 0x00000000a1500000| PB 0x00000000a1500000| Complete 
|   2|0x00000000a1600000, 0x00000000a1700000, 0x00000000a1700000|100%|HC|  |TAMS 0x00000000a1600000| PB 0x00000000a1600000| Complete 
|   3|0x00000000a1700000, 0x00000000a1800000, 0x00000000a1800000|100%| O|  |TAMS 0x00000000a1700000| PB 0x00000000a1700000| Untracked 
|   4|0x00000000a1800000, 0x00000000a1900000, 0x00000000a1900000|100%| O|  |TAMS 0x00000000a1800000| PB 0x00000000a1800000| Untracked 
|   5|0x00000000a1900000, 0x00000000a1a00000, 0x00000000a1a00000|100%| O|  |TAMS 0x00000000a1900000| PB 0x00000000a1900000| Untracked 
|   6|0x00000000a1a00000, 0x00000000a1b00000, 0x00000000a1b00000|100%| O|  |TAMS 0x00000000a1a00000| PB 0x00000000a1a00000| Untracked 
|   7|0x00000000a1b00000, 0x00000000a1c00000, 0x00000000a1c00000|100%| O|  |TAMS 0x00000000a1b00000| PB 0x00000000a1b00000| Untracked 
|   8|0x00000000a1c00000, 0x00000000a1d00000, 0x00000000a1d00000|100%| O|  |TAMS 0x00000000a1c00000| PB 0x00000000a1c00000| Untracked 
|   9|0x00000000a1d00000, 0x00000000a1e00000, 0x00000000a1e00000|100%| O|  |TAMS 0x00000000a1d00000| PB 0x00000000a1d00000| Untracked 
|  10|0x00000000a1e00000, 0x00000000a1f00000, 0x00000000a1f00000|100%| O|  |TAMS 0x00000000a1e00000| PB 0x00000000a1e00000| Untracked 
|  11|0x00000000a1f00000, 0x00000000a2000000, 0x00000000a2000000|100%| O|  |TAMS 0x00000000a1f00000| PB 0x00000000a1f00000| Untracked 
|  12|0x00000000a2000000, 0x00000000a2100000, 0x00000000a2100000|100%| O|  |TAMS 0x00000000a2000000| PB 0x00000000a2000000| Untracked 
|  13|0x00000000a2100000, 0x00000000a2200000, 0x00000000a2200000|100%| O|  |TAMS 0x00000000a2100000| PB 0x00000000a2100000| Untracked 
|  14|0x00000000a2200000, 0x00000000a2300000, 0x00000000a2300000|100%| O|  |TAMS 0x00000000a2200000| PB 0x00000000a2200000| Untracked 
|  15|0x00000000a2300000, 0x00000000a2400000, 0x00000000a2400000|100%| O|  |TAMS 0x00000000a2300000| PB 0x00000000a2300000| Untracked 
|  16|0x00000000a2400000, 0x00000000a2500000, 0x00000000a2500000|100%| O|  |TAMS 0x00000000a2400000| PB 0x00000000a2400000| Untracked 
|  17|0x00000000a2500000, 0x00000000a2600000, 0x00000000a2600000|100%| O|  |TAMS 0x00000000a2500000| PB 0x00000000a2500000| Untracked 
|  18|0x00000000a2600000, 0x00000000a2700000, 0x00000000a2700000|100%| O|  |TAMS 0x00000000a2600000| PB 0x00000000a2600000| Untracked 
|  19|0x00000000a2700000, 0x00000000a2800000, 0x00000000a2800000|100%| O|  |TAMS 0x00000000a2700000| PB 0x00000000a2700000| Untracked 
|  20|0x00000000a2800000, 0x00000000a2900000, 0x00000000a2900000|100%| O|  |TAMS 0x00000000a2800000| PB 0x00000000a2800000| Untracked 
|  21|0x00000000a2900000, 0x00000000a2a00000, 0x00000000a2a00000|100%| O|  |TAMS 0x00000000a2900000| PB 0x00000000a2900000| Untracked 
|  22|0x00000000a2a00000, 0x00000000a2b00000, 0x00000000a2b00000|100%| O|  |TAMS 0x00000000a2a00000| PB 0x00000000a2a00000| Untracked 
|  23|0x00000000a2b00000, 0x00000000a2c00000, 0x00000000a2c00000|100%| O|  |TAMS 0x00000000a2b00000| PB 0x00000000a2b00000| Untracked 
|  24|0x00000000a2c00000, 0x00000000a2d00000, 0x00000000a2d00000|100%| O|  |TAMS 0x00000000a2c00000| PB 0x00000000a2c00000| Untracked 
|  25|0x00000000a2d00000, 0x00000000a2e00000, 0x00000000a2e00000|100%| O|  |TAMS 0x00000000a2d00000| PB 0x00000000a2d00000| Untracked 
|  26|0x00000000a2e00000, 0x00000000a2f00000, 0x00000000a2f00000|100%| O|  |TAMS 0x00000000a2e00000| PB 0x00000000a2e00000| Untracked 
|  27|0x00000000a2f00000, 0x00000000a3000000, 0x00000000a3000000|100%| O|  |TAMS 0x00000000a2f00000| PB 0x00000000a2f00000| Untracked 
|  28|0x00000000a3000000, 0x00000000a3100000, 0x00000000a3100000|100%| O|  |TAMS 0x00000000a3000000| PB 0x00000000a3000000| Untracked 
|  29|0x00000000a3100000, 0x00000000a3200000, 0x00000000a3200000|100%| O|  |TAMS 0x00000000a3100000| PB 0x00000000a3100000| Untracked 
|  30|0x00000000a3200000, 0x00000000a3300000, 0x00000000a3300000|100%| O|  |TAMS 0x00000000a3200000| PB 0x00000000a3200000| Untracked 
|  31|0x00000000a3300000, 0x00000000a3400000, 0x00000000a3400000|100%| O|  |TAMS 0x00000000a3300000| PB 0x00000000a3300000| Untracked 
|  32|0x00000000a3400000, 0x00000000a3500000, 0x00000000a3500000|100%| O|  |TAMS 0x00000000a3400000| PB 0x00000000a3400000| Untracked 
|  33|0x00000000a3500000, 0x00000000a3600000, 0x00000000a3600000|100%| O|  |TAMS 0x00000000a3500000| PB 0x00000000a3500000| Untracked 
|  34|0x00000000a3600000, 0x00000000a3700000, 0x00000000a3700000|100%| O|  |TAMS 0x00000000a3600000| PB 0x00000000a3600000| Untracked 
|  35|0x00000000a3700000, 0x00000000a3800000, 0x00000000a3800000|100%| O|  |TAMS 0x00000000a3700000| PB 0x00000000a3700000| Untracked 
|  36|0x00000000a3800000, 0x00000000a3900000, 0x00000000a3900000|100%| O|  |TAMS 0x00000000a3800000| PB 0x00000000a3800000| Untracked 
|  37|0x00000000a3900000, 0x00000000a3a00000, 0x00000000a3a00000|100%| O|  |TAMS 0x00000000a3900000| PB 0x00000000a3900000| Untracked 
|  38|0x00000000a3a00000, 0x00000000a3b00000, 0x00000000a3b00000|100%| O|  |TAMS 0x00000000a3a00000| PB 0x00000000a3a00000| Untracked 
|  39|0x00000000a3b00000, 0x00000000a3c00000, 0x00000000a3c00000|100%| O|  |TAMS 0x00000000a3b00000| PB 0x00000000a3b00000| Untracked 
|  40|0x00000000a3c00000, 0x00000000a3d00000, 0x00000000a3d00000|100%|HS|  |TAMS 0x00000000a3c00000| PB 0x00000000a3c00000| Complete 
|  41|0x00000000a3d00000, 0x00000000a3e00000, 0x00000000a3e00000|100%| O|  |TAMS 0x00000000a3d00000| PB 0x00000000a3d00000| Untracked 
|  42|0x00000000a3e00000, 0x00000000a3f00000, 0x00000000a3f00000|100%| O|  |TAMS 0x00000000a3e00000| PB 0x00000000a3e00000| Untracked 
|  43|0x00000000a3f00000, 0x00000000a4000000, 0x00000000a4000000|100%| O|  |TAMS 0x00000000a3f00000| PB 0x00000000a3f00000| Untracked 
|  44|0x00000000a4000000, 0x00000000a4100000, 0x00000000a4100000|100%| O|  |TAMS 0x00000000a4000000| PB 0x00000000a4000000| Untracked 
|  45|0x00000000a4100000, 0x00000000a4200000, 0x00000000a4200000|100%| O|  |TAMS 0x00000000a4100000| PB 0x00000000a4100000| Untracked 
|  46|0x00000000a4200000, 0x00000000a4300000, 0x00000000a4300000|100%| O|  |TAMS 0x00000000a4200000| PB 0x00000000a4200000| Untracked 
|  47|0x00000000a4300000, 0x00000000a4400000, 0x00000000a4400000|100%| O|  |TAMS 0x00000000a4300000| PB 0x00000000a4300000| Untracked 
|  48|0x00000000a4400000, 0x00000000a4500000, 0x00000000a4500000|100%| O|  |TAMS 0x00000000a4400000| PB 0x00000000a4400000| Untracked 
|  49|0x00000000a4500000, 0x00000000a4600000, 0x00000000a4600000|100%| O|  |TAMS 0x00000000a4500000| PB 0x00000000a4500000| Untracked 
|  50|0x00000000a4600000, 0x00000000a4700000, 0x00000000a4700000|100%| O|  |TAMS 0x00000000a4600000| PB 0x00000000a4600000| Untracked 
|  51|0x00000000a4700000, 0x00000000a4800000, 0x00000000a4800000|100%| O|  |TAMS 0x00000000a4700000| PB 0x00000000a4700000| Untracked 
|  52|0x00000000a4800000, 0x00000000a4900000, 0x00000000a4900000|100%| O|  |TAMS 0x00000000a4800000| PB 0x00000000a4800000| Untracked 
|  53|0x00000000a4900000, 0x00000000a4a00000, 0x00000000a4a00000|100%| O|  |TAMS 0x00000000a4900000| PB 0x00000000a4900000| Untracked 
|  54|0x00000000a4a00000, 0x00000000a4b00000, 0x00000000a4b00000|100%| O|  |TAMS 0x00000000a4a00000| PB 0x00000000a4a00000| Untracked 
|  55|0x00000000a4b00000, 0x00000000a4c00000, 0x00000000a4c00000|100%| O|  |TAMS 0x00000000a4b00000| PB 0x00000000a4b00000| Untracked 
|  56|0x00000000a4c00000, 0x00000000a4d00000, 0x00000000a4d00000|100%| O|  |TAMS 0x00000000a4c00000| PB 0x00000000a4c00000| Untracked 
|  57|0x00000000a4d00000, 0x00000000a4e00000, 0x00000000a4e00000|100%| O|  |TAMS 0x00000000a4d00000| PB 0x00000000a4d00000| Untracked 
|  58|0x00000000a4e00000, 0x00000000a4f00000, 0x00000000a4f00000|100%| O|  |TAMS 0x00000000a4e00000| PB 0x00000000a4e00000| Untracked 
|  59|0x00000000a4f00000, 0x00000000a5000000, 0x00000000a5000000|100%| O|  |TAMS 0x00000000a4f00000| PB 0x00000000a4f00000| Untracked 
|  60|0x00000000a5000000, 0x00000000a5100000, 0x00000000a5100000|100%| O|  |TAMS 0x00000000a5000000| PB 0x00000000a5000000| Untracked 
|  61|0x00000000a5100000, 0x00000000a5200000, 0x00000000a5200000|100%| O|  |TAMS 0x00000000a5100000| PB 0x00000000a5100000| Untracked 
|  62|0x00000000a5200000, 0x00000000a5300000, 0x00000000a5300000|100%| O|  |TAMS 0x00000000a5200000| PB 0x00000000a5200000| Untracked 
|  63|0x00000000a5300000, 0x00000000a5400000, 0x00000000a5400000|100%| O|  |TAMS 0x00000000a5300000| PB 0x00000000a5300000| Untracked 
|  64|0x00000000a5400000, 0x00000000a5500000, 0x00000000a5500000|100%| O|  |TAMS 0x00000000a5400000| PB 0x00000000a5400000| Untracked 
|  65|0x00000000a5500000, 0x00000000a5600000, 0x00000000a5600000|100%| O|  |TAMS 0x00000000a5500000| PB 0x00000000a5500000| Untracked 
|  66|0x00000000a5600000, 0x00000000a5700000, 0x00000000a5700000|100%| O|  |TAMS 0x00000000a5600000| PB 0x00000000a5600000| Untracked 
|  67|0x00000000a5700000, 0x00000000a5800000, 0x00000000a5800000|100%| O|  |TAMS 0x00000000a5700000| PB 0x00000000a5700000| Untracked 
|  68|0x00000000a5800000, 0x00000000a5900000, 0x00000000a5900000|100%| O|  |TAMS 0x00000000a5800000| PB 0x00000000a5800000| Untracked 
|  69|0x00000000a5900000, 0x00000000a5a00000, 0x00000000a5a00000|100%| O|  |TAMS 0x00000000a5900000| PB 0x00000000a5900000| Untracked 
|  70|0x00000000a5a00000, 0x00000000a5b00000, 0x00000000a5b00000|100%| O|  |TAMS 0x00000000a5a00000| PB 0x00000000a5a00000| Untracked 
|  71|0x00000000a5b00000, 0x00000000a5c00000, 0x00000000a5c00000|100%| O|  |TAMS 0x00000000a5b00000| PB 0x00000000a5b00000| Untracked 
|  72|0x00000000a5c00000, 0x00000000a5d00000, 0x00000000a5d00000|100%| O|  |TAMS 0x00000000a5c00000| PB 0x00000000a5c00000| Untracked 
|  73|0x00000000a5d00000, 0x00000000a5e00000, 0x00000000a5e00000|100%| O|  |TAMS 0x00000000a5d00000| PB 0x00000000a5d00000| Untracked 
|  74|0x00000000a5e00000, 0x00000000a5f00000, 0x00000000a5f00000|100%| O|  |TAMS 0x00000000a5e00000| PB 0x00000000a5e00000| Untracked 
|  75|0x00000000a5f00000, 0x00000000a6000000, 0x00000000a6000000|100%| O|  |TAMS 0x00000000a5f00000| PB 0x00000000a5f00000| Untracked 
|  76|0x00000000a6000000, 0x00000000a6100000, 0x00000000a6100000|100%| O|  |TAMS 0x00000000a6000000| PB 0x00000000a6000000| Untracked 
|  77|0x00000000a6100000, 0x00000000a6200000, 0x00000000a6200000|100%| O|  |TAMS 0x00000000a6100000| PB 0x00000000a6100000| Untracked 
|  78|0x00000000a6200000, 0x00000000a6300000, 0x00000000a6300000|100%| O|  |TAMS 0x00000000a6200000| PB 0x00000000a6200000| Untracked 
|  79|0x00000000a6300000, 0x00000000a6400000, 0x00000000a6400000|100%| O|  |TAMS 0x00000000a6300000| PB 0x00000000a6300000| Untracked 
|  80|0x00000000a6400000, 0x00000000a6500000, 0x00000000a6500000|100%| O|  |TAMS 0x00000000a6400000| PB 0x00000000a6400000| Untracked 
|  81|0x00000000a6500000, 0x00000000a6600000, 0x00000000a6600000|100%| O|  |TAMS 0x00000000a6500000| PB 0x00000000a6500000| Untracked 
|  82|0x00000000a6600000, 0x00000000a6700000, 0x00000000a6700000|100%| O|  |TAMS 0x00000000a6600000| PB 0x00000000a6600000| Untracked 
|  83|0x00000000a6700000, 0x00000000a6800000, 0x00000000a6800000|100%| O|  |TAMS 0x00000000a6700000| PB 0x00000000a6700000| Untracked 
|  84|0x00000000a6800000, 0x00000000a6900000, 0x00000000a6900000|100%| O|  |TAMS 0x00000000a6800000| PB 0x00000000a6800000| Untracked 
|  85|0x00000000a6900000, 0x00000000a6a00000, 0x00000000a6a00000|100%| O|  |TAMS 0x00000000a6900000| PB 0x00000000a6900000| Untracked 
|  86|0x00000000a6a00000, 0x00000000a6b00000, 0x00000000a6b00000|100%| O|  |TAMS 0x00000000a6a00000| PB 0x00000000a6a00000| Untracked 
|  87|0x00000000a6b00000, 0x00000000a6c00000, 0x00000000a6c00000|100%| O|  |TAMS 0x00000000a6b00000| PB 0x00000000a6b00000| Untracked 
|  88|0x00000000a6c00000, 0x00000000a6d00000, 0x00000000a6d00000|100%| O|  |TAMS 0x00000000a6c00000| PB 0x00000000a6c00000| Untracked 
|  89|0x00000000a6d00000, 0x00000000a6e00000, 0x00000000a6e00000|100%| O|  |TAMS 0x00000000a6d00000| PB 0x00000000a6d00000| Untracked 
|  90|0x00000000a6e00000, 0x00000000a6f00000, 0x00000000a6f00000|100%| O|  |TAMS 0x00000000a6e00000| PB 0x00000000a6e00000| Untracked 
|  91|0x00000000a6f00000, 0x00000000a7000000, 0x00000000a7000000|100%| O|  |TAMS 0x00000000a6f00000| PB 0x00000000a6f00000| Untracked 
|  92|0x00000000a7000000, 0x00000000a7100000, 0x00000000a7100000|100%| O|  |TAMS 0x00000000a7000000| PB 0x00000000a7000000| Untracked 
|  93|0x00000000a7100000, 0x00000000a7200000, 0x00000000a7200000|100%| O|  |TAMS 0x00000000a7100000| PB 0x00000000a7100000| Untracked 
|  94|0x00000000a7200000, 0x00000000a7300000, 0x00000000a7300000|100%| O|  |TAMS 0x00000000a7200000| PB 0x00000000a7200000| Untracked 
|  95|0x00000000a7300000, 0x00000000a7400000, 0x00000000a7400000|100%| O|  |TAMS 0x00000000a7300000| PB 0x00000000a7300000| Untracked 
|  96|0x00000000a7400000, 0x00000000a7500000, 0x00000000a7500000|100%| O|  |TAMS 0x00000000a7400000| PB 0x00000000a7400000| Untracked 
|  97|0x00000000a7500000, 0x00000000a7600000, 0x00000000a7600000|100%| O|  |TAMS 0x00000000a7500000| PB 0x00000000a7500000| Untracked 
|  98|0x00000000a7600000, 0x00000000a7700000, 0x00000000a7700000|100%| O|  |TAMS 0x00000000a7600000| PB 0x00000000a7600000| Untracked 
|  99|0x00000000a7700000, 0x00000000a7800000, 0x00000000a7800000|100%| O|  |TAMS 0x00000000a7700000| PB 0x00000000a7700000| Untracked 
| 100|0x00000000a7800000, 0x00000000a7900000, 0x00000000a7900000|100%| O|  |TAMS 0x00000000a7800000| PB 0x00000000a7800000| Untracked 
| 101|0x00000000a7900000, 0x00000000a7a00000, 0x00000000a7a00000|100%| O|  |TAMS 0x00000000a7900000| PB 0x00000000a7900000| Untracked 
| 102|0x00000000a7a00000, 0x00000000a7b00000, 0x00000000a7b00000|100%| O|  |TAMS 0x00000000a7a00000| PB 0x00000000a7a00000| Untracked 
| 103|0x00000000a7b00000, 0x00000000a7c00000, 0x00000000a7c00000|100%| O|  |TAMS 0x00000000a7b00000| PB 0x00000000a7b00000| Untracked 
| 104|0x00000000a7c00000, 0x00000000a7d00000, 0x00000000a7d00000|100%| O|  |TAMS 0x00000000a7c00000| PB 0x00000000a7c00000| Untracked 
| 105|0x00000000a7d00000, 0x00000000a7e00000, 0x00000000a7e00000|100%| O|  |TAMS 0x00000000a7d00000| PB 0x00000000a7d00000| Untracked 
| 106|0x00000000a7e00000, 0x00000000a7f00000, 0x00000000a7f00000|100%| O|  |TAMS 0x00000000a7e00000| PB 0x00000000a7e00000| Untracked 
| 107|0x00000000a7f00000, 0x00000000a8000000, 0x00000000a8000000|100%| O|  |TAMS 0x00000000a7f00000| PB 0x00000000a7f00000| Untracked 
| 108|0x00000000a8000000, 0x00000000a8100000, 0x00000000a8100000|100%| O|  |TAMS 0x00000000a8000000| PB 0x00000000a8000000| Untracked 
| 109|0x00000000a8100000, 0x00000000a8200000, 0x00000000a8200000|100%| O|  |TAMS 0x00000000a8100000| PB 0x00000000a8100000| Untracked 
| 110|0x00000000a8200000, 0x00000000a8300000, 0x00000000a8300000|100%| O|  |TAMS 0x00000000a8200000| PB 0x00000000a8200000| Untracked 
| 111|0x00000000a8300000, 0x00000000a8400000, 0x00000000a8400000|100%| O|Cm|TAMS 0x00000000a8300000| PB 0x00000000a8300000| Complete 
| 112|0x00000000a8400000, 0x00000000a8500000, 0x00000000a8500000|100%| O|  |TAMS 0x00000000a8400000| PB 0x00000000a8400000| Untracked 
| 113|0x00000000a8500000, 0x00000000a8600000, 0x00000000a8600000|100%| O|  |TAMS 0x00000000a8500000| PB 0x00000000a8500000| Untracked 
| 114|0x00000000a8600000, 0x00000000a8700000, 0x00000000a8700000|100%| O|  |TAMS 0x00000000a8600000| PB 0x00000000a8600000| Untracked 
| 115|0x00000000a8700000, 0x00000000a8800000, 0x00000000a8800000|100%| O|  |TAMS 0x00000000a8700000| PB 0x00000000a8700000| Untracked 
| 116|0x00000000a8800000, 0x00000000a8900000, 0x00000000a8900000|100%| O|  |TAMS 0x00000000a8800000| PB 0x00000000a8800000| Untracked 
| 117|0x00000000a8900000, 0x00000000a8a00000, 0x00000000a8a00000|100%| O|  |TAMS 0x00000000a8900000| PB 0x00000000a8900000| Untracked 
| 118|0x00000000a8a00000, 0x00000000a8b00000, 0x00000000a8b00000|100%| O|  |TAMS 0x00000000a8a00000| PB 0x00000000a8a00000| Untracked 
| 119|0x00000000a8b00000, 0x00000000a8c00000, 0x00000000a8c00000|100%| O|  |TAMS 0x00000000a8b00000| PB 0x00000000a8b00000| Untracked 
| 120|0x00000000a8c00000, 0x00000000a8d00000, 0x00000000a8d00000|100%| O|  |TAMS 0x00000000a8c00000| PB 0x00000000a8c00000| Untracked 
| 121|0x00000000a8d00000, 0x00000000a8e00000, 0x00000000a8e00000|100%| O|Cm|TAMS 0x00000000a8d00000| PB 0x00000000a8d00000| Complete 
| 122|0x00000000a8e00000, 0x00000000a8f00000, 0x00000000a8f00000|100%| O|  |TAMS 0x00000000a8e00000| PB 0x00000000a8e00000| Untracked 
| 123|0x00000000a8f00000, 0x00000000a9000000, 0x00000000a9000000|100%| O|  |TAMS 0x00000000a8f00000| PB 0x00000000a8f00000| Untracked 
| 124|0x00000000a9000000, 0x00000000a9100000, 0x00000000a9100000|100%| O|  |TAMS 0x00000000a9000000| PB 0x00000000a9000000| Untracked 
| 125|0x00000000a9100000, 0x00000000a9200000, 0x00000000a9200000|100%| O|  |TAMS 0x00000000a9100000| PB 0x00000000a9100000| Untracked 
| 126|0x00000000a9200000, 0x00000000a9300000, 0x00000000a9300000|100%| O|  |TAMS 0x00000000a9200000| PB 0x00000000a9200000| Untracked 
| 127|0x00000000a9300000, 0x00000000a9400000, 0x00000000a9400000|100%| O|  |TAMS 0x00000000a9300000| PB 0x00000000a9300000| Untracked 
| 128|0x00000000a9400000, 0x00000000a9500000, 0x00000000a9500000|100%| O|  |TAMS 0x00000000a9400000| PB 0x00000000a9400000| Untracked 
| 129|0x00000000a9500000, 0x00000000a9600000, 0x00000000a9600000|100%| O|  |TAMS 0x00000000a9500000| PB 0x00000000a9500000| Untracked 
| 130|0x00000000a9600000, 0x00000000a9700000, 0x00000000a9700000|100%| O|  |TAMS 0x00000000a9600000| PB 0x00000000a9600000| Untracked 
| 131|0x00000000a9700000, 0x00000000a9800000, 0x00000000a9800000|100%| O|  |TAMS 0x00000000a9700000| PB 0x00000000a9700000| Untracked 
| 132|0x00000000a9800000, 0x00000000a9900000, 0x00000000a9900000|100%| O|  |TAMS 0x00000000a9800000| PB 0x00000000a9800000| Untracked 
| 133|0x00000000a9900000, 0x00000000a9a00000, 0x00000000a9a00000|100%| O|Cm|TAMS 0x00000000a9900000| PB 0x00000000a9900000| Complete 
| 134|0x00000000a9a00000, 0x00000000a9b00000, 0x00000000a9b00000|100%| O|  |TAMS 0x00000000a9a00000| PB 0x00000000a9a00000| Untracked 
| 135|0x00000000a9b00000, 0x00000000a9c00000, 0x00000000a9c00000|100%| O|  |TAMS 0x00000000a9b00000| PB 0x00000000a9b00000| Untracked 
| 136|0x00000000a9c00000, 0x00000000a9d00000, 0x00000000a9d00000|100%| O|  |TAMS 0x00000000a9c00000| PB 0x00000000a9c00000| Untracked 
| 137|0x00000000a9d00000, 0x00000000a9e00000, 0x00000000a9e00000|100%| O|  |TAMS 0x00000000a9d00000| PB 0x00000000a9d00000| Untracked 
| 138|0x00000000a9e00000, 0x00000000a9f00000, 0x00000000a9f00000|100%| O|  |TAMS 0x00000000a9e00000| PB 0x00000000a9e00000| Untracked 
| 139|0x00000000a9f00000, 0x00000000aa000000, 0x00000000aa000000|100%| O|  |TAMS 0x00000000a9f00000| PB 0x00000000a9f00000| Untracked 
| 140|0x00000000aa000000, 0x00000000aa100000, 0x00000000aa100000|100%| O|  |TAMS 0x00000000aa000000| PB 0x00000000aa000000| Untracked 
| 141|0x00000000aa100000, 0x00000000aa200000, 0x00000000aa200000|100%| O|  |TAMS 0x00000000aa100000| PB 0x00000000aa100000| Untracked 
| 142|0x00000000aa200000, 0x00000000aa300000, 0x00000000aa300000|100%| O|  |TAMS 0x00000000aa200000| PB 0x00000000aa200000| Untracked 
| 143|0x00000000aa300000, 0x00000000aa400000, 0x00000000aa400000|100%| O|  |TAMS 0x00000000aa300000| PB 0x00000000aa300000| Untracked 
| 144|0x00000000aa400000, 0x00000000aa500000, 0x00000000aa500000|100%| O|  |TAMS 0x00000000aa400000| PB 0x00000000aa400000| Untracked 
| 145|0x00000000aa500000, 0x00000000aa600000, 0x00000000aa600000|100%| O|  |TAMS 0x00000000aa500000| PB 0x00000000aa500000| Untracked 
| 146|0x00000000aa600000, 0x00000000aa700000, 0x00000000aa700000|100%| O|  |TAMS 0x00000000aa600000| PB 0x00000000aa600000| Untracked 
| 147|0x00000000aa700000, 0x00000000aa800000, 0x00000000aa800000|100%| O|  |TAMS 0x00000000aa700000| PB 0x00000000aa700000| Untracked 
| 148|0x00000000aa800000, 0x00000000aa900000, 0x00000000aa900000|100%| O|  |TAMS 0x00000000aa800000| PB 0x00000000aa800000| Untracked 
| 149|0x00000000aa900000, 0x00000000aa900000, 0x00000000aaa00000|  0%| F|  |TAMS 0x00000000aa900000| PB 0x00000000aa900000| Untracked 
| 150|0x00000000aaa00000, 0x00000000aaa00000, 0x00000000aab00000|  0%| F|  |TAMS 0x00000000aaa00000| PB 0x00000000aaa00000| Untracked 
| 151|0x00000000aab00000, 0x00000000aab00000, 0x00000000aac00000|  0%| F|  |TAMS 0x00000000aab00000| PB 0x00000000aab00000| Untracked 
| 152|0x00000000aac00000, 0x00000000aad00000, 0x00000000aad00000|100%| O|  |TAMS 0x00000000aac00000| PB 0x00000000aac00000| Untracked 
| 153|0x00000000aad00000, 0x00000000aad00000, 0x00000000aae00000|  0%| F|  |TAMS 0x00000000aad00000| PB 0x00000000aad00000| Untracked 
| 154|0x00000000aae00000, 0x00000000aae00000, 0x00000000aaf00000|  0%| F|  |TAMS 0x00000000aae00000| PB 0x00000000aae00000| Untracked 
| 155|0x00000000aaf00000, 0x00000000aaf00000, 0x00000000ab000000|  0%| F|  |TAMS 0x00000000aaf00000| PB 0x00000000aaf00000| Untracked 
| 156|0x00000000ab000000, 0x00000000ab000000, 0x00000000ab100000|  0%| F|  |TAMS 0x00000000ab000000| PB 0x00000000ab000000| Untracked 
| 157|0x00000000ab100000, 0x00000000ab100000, 0x00000000ab200000|  0%| F|  |TAMS 0x00000000ab100000| PB 0x00000000ab100000| Untracked 
| 158|0x00000000ab200000, 0x00000000ab200000, 0x00000000ab300000|  0%| F|  |TAMS 0x00000000ab200000| PB 0x00000000ab200000| Untracked 
| 159|0x00000000ab300000, 0x00000000ab300000, 0x00000000ab400000|  0%| F|  |TAMS 0x00000000ab300000| PB 0x00000000ab300000| Untracked 
| 160|0x00000000ab400000, 0x00000000ab400000, 0x00000000ab500000|  0%| F|  |TAMS 0x00000000ab400000| PB 0x00000000ab400000| Untracked 
| 161|0x00000000ab500000, 0x00000000ab500000, 0x00000000ab600000|  0%| F|  |TAMS 0x00000000ab500000| PB 0x00000000ab500000| Untracked 
| 162|0x00000000ab600000, 0x00000000ab600000, 0x00000000ab700000|  0%| F|  |TAMS 0x00000000ab600000| PB 0x00000000ab600000| Untracked 
| 163|0x00000000ab700000, 0x00000000ab700000, 0x00000000ab800000|  0%| F|  |TAMS 0x00000000ab700000| PB 0x00000000ab700000| Untracked 
| 164|0x00000000ab800000, 0x00000000ab800000, 0x00000000ab900000|  0%| F|  |TAMS 0x00000000ab800000| PB 0x00000000ab800000| Untracked 
| 165|0x00000000ab900000, 0x00000000ab900000, 0x00000000aba00000|  0%| F|  |TAMS 0x00000000ab900000| PB 0x00000000ab900000| Untracked 
| 166|0x00000000aba00000, 0x00000000aba00000, 0x00000000abb00000|  0%| F|  |TAMS 0x00000000aba00000| PB 0x00000000aba00000| Untracked 
| 167|0x00000000abb00000, 0x00000000abb00000, 0x00000000abc00000|  0%| F|  |TAMS 0x00000000abb00000| PB 0x00000000abb00000| Untracked 
| 168|0x00000000abc00000, 0x00000000abc00000, 0x00000000abd00000|  0%| F|  |TAMS 0x00000000abc00000| PB 0x00000000abc00000| Untracked 
| 169|0x00000000abd00000, 0x00000000abd00000, 0x00000000abe00000|  0%| F|  |TAMS 0x00000000abd00000| PB 0x00000000abd00000| Untracked 
| 170|0x00000000abe00000, 0x00000000abe00000, 0x00000000abf00000|  0%| F|  |TAMS 0x00000000abe00000| PB 0x00000000abe00000| Untracked 
| 171|0x00000000abf00000, 0x00000000abf00000, 0x00000000ac000000|  0%| F|  |TAMS 0x00000000abf00000| PB 0x00000000abf00000| Untracked 
| 172|0x00000000ac000000, 0x00000000ac000000, 0x00000000ac100000|  0%| F|  |TAMS 0x00000000ac000000| PB 0x00000000ac000000| Untracked 
| 173|0x00000000ac100000, 0x00000000ac100000, 0x00000000ac200000|  0%| F|  |TAMS 0x00000000ac100000| PB 0x00000000ac100000| Untracked 
| 174|0x00000000ac200000, 0x00000000ac200000, 0x00000000ac300000|  0%| F|  |TAMS 0x00000000ac200000| PB 0x00000000ac200000| Untracked 
| 175|0x00000000ac300000, 0x00000000ac300000, 0x00000000ac400000|  0%| F|  |TAMS 0x00000000ac300000| PB 0x00000000ac300000| Untracked 
| 176|0x00000000ac400000, 0x00000000ac400000, 0x00000000ac500000|  0%| F|  |TAMS 0x00000000ac400000| PB 0x00000000ac400000| Untracked 
| 177|0x00000000ac500000, 0x00000000ac500000, 0x00000000ac600000|  0%| F|  |TAMS 0x00000000ac500000| PB 0x00000000ac500000| Untracked 
| 178|0x00000000ac600000, 0x00000000ac600000, 0x00000000ac700000|  0%| F|  |TAMS 0x00000000ac600000| PB 0x00000000ac600000| Untracked 
| 179|0x00000000ac700000, 0x00000000ac700000, 0x00000000ac800000|  0%| F|  |TAMS 0x00000000ac700000| PB 0x00000000ac700000| Untracked 
| 180|0x00000000ac800000, 0x00000000ac800000, 0x00000000ac900000|  0%| F|  |TAMS 0x00000000ac800000| PB 0x00000000ac800000| Untracked 
| 181|0x00000000ac900000, 0x00000000ac900000, 0x00000000aca00000|  0%| F|  |TAMS 0x00000000ac900000| PB 0x00000000ac900000| Untracked 
| 182|0x00000000aca00000, 0x00000000aca00000, 0x00000000acb00000|  0%| F|  |TAMS 0x00000000aca00000| PB 0x00000000aca00000| Untracked 
| 183|0x00000000acb00000, 0x00000000acb00000, 0x00000000acc00000|  0%| F|  |TAMS 0x00000000acb00000| PB 0x00000000acb00000| Untracked 
| 184|0x00000000acc00000, 0x00000000acc00000, 0x00000000acd00000|  0%| F|  |TAMS 0x00000000acc00000| PB 0x00000000acc00000| Untracked 
| 185|0x00000000acd00000, 0x00000000acd00000, 0x00000000ace00000|  0%| F|  |TAMS 0x00000000acd00000| PB 0x00000000acd00000| Untracked 
| 186|0x00000000ace00000, 0x00000000ace00000, 0x00000000acf00000|  0%| F|  |TAMS 0x00000000ace00000| PB 0x00000000ace00000| Untracked 
| 187|0x00000000acf00000, 0x00000000acf00000, 0x00000000ad000000|  0%| F|  |TAMS 0x00000000acf00000| PB 0x00000000acf00000| Untracked 
| 188|0x00000000ad000000, 0x00000000ad000000, 0x00000000ad100000|  0%| F|  |TAMS 0x00000000ad000000| PB 0x00000000ad000000| Untracked 
| 189|0x00000000ad100000, 0x00000000ad100000, 0x00000000ad200000|  0%| F|  |TAMS 0x00000000ad100000| PB 0x00000000ad100000| Untracked 
| 190|0x00000000ad200000, 0x00000000ad200000, 0x00000000ad300000|  0%| F|  |TAMS 0x00000000ad200000| PB 0x00000000ad200000| Untracked 
| 191|0x00000000ad300000, 0x00000000ad300000, 0x00000000ad400000|  0%| F|  |TAMS 0x00000000ad300000| PB 0x00000000ad300000| Untracked 
| 192|0x00000000ad400000, 0x00000000ad400000, 0x00000000ad500000|  0%| F|  |TAMS 0x00000000ad400000| PB 0x00000000ad400000| Untracked 
| 193|0x00000000ad500000, 0x00000000ad500000, 0x00000000ad600000|  0%| F|  |TAMS 0x00000000ad500000| PB 0x00000000ad500000| Untracked 
| 194|0x00000000ad600000, 0x00000000ad600000, 0x00000000ad700000|  0%| F|  |TAMS 0x00000000ad600000| PB 0x00000000ad600000| Untracked 
| 195|0x00000000ad700000, 0x00000000ad700000, 0x00000000ad800000|  0%| F|  |TAMS 0x00000000ad700000| PB 0x00000000ad700000| Untracked 
| 196|0x00000000ad800000, 0x00000000ad800000, 0x00000000ad900000|  0%| F|  |TAMS 0x00000000ad800000| PB 0x00000000ad800000| Untracked 
| 197|0x00000000ad900000, 0x00000000ad900000, 0x00000000ada00000|  0%| F|  |TAMS 0x00000000ad900000| PB 0x00000000ad900000| Untracked 
| 198|0x00000000ada00000, 0x00000000ada00000, 0x00000000adb00000|  0%| F|  |TAMS 0x00000000ada00000| PB 0x00000000ada00000| Untracked 
| 199|0x00000000adb00000, 0x00000000adb00000, 0x00000000adc00000|  0%| F|  |TAMS 0x00000000adb00000| PB 0x00000000adb00000| Untracked 
| 200|0x00000000adc00000, 0x00000000adc00000, 0x00000000add00000|  0%| F|  |TAMS 0x00000000adc00000| PB 0x00000000adc00000| Untracked 
| 201|0x00000000add00000, 0x00000000add00000, 0x00000000ade00000|  0%| F|  |TAMS 0x00000000add00000| PB 0x00000000add00000| Untracked 
| 202|0x00000000ade00000, 0x00000000ade00000, 0x00000000adf00000|  0%| F|  |TAMS 0x00000000ade00000| PB 0x00000000ade00000| Untracked 
| 203|0x00000000adf00000, 0x00000000adf00000, 0x00000000ae000000|  0%| F|  |TAMS 0x00000000adf00000| PB 0x00000000adf00000| Untracked 
| 204|0x00000000ae000000, 0x00000000ae000000, 0x00000000ae100000|  0%| F|  |TAMS 0x00000000ae000000| PB 0x00000000ae000000| Untracked 
| 205|0x00000000ae100000, 0x00000000ae200000, 0x00000000ae200000|100%| E|  |TAMS 0x00000000ae100000| PB 0x00000000ae100000| Complete 
| 206|0x00000000ae200000, 0x00000000ae300000, 0x00000000ae300000|100%| E|CS|TAMS 0x00000000ae200000| PB 0x00000000ae200000| Complete 
| 207|0x00000000ae300000, 0x00000000ae400000, 0x00000000ae400000|100%| E|CS|TAMS 0x00000000ae300000| PB 0x00000000ae300000| Complete 
| 208|0x00000000ae400000, 0x00000000ae500000, 0x00000000ae500000|100%| E|CS|TAMS 0x00000000ae400000| PB 0x00000000ae400000| Complete 
| 209|0x00000000ae500000, 0x00000000ae600000, 0x00000000ae600000|100%| E|CS|TAMS 0x00000000ae500000| PB 0x00000000ae500000| Complete 
| 210|0x00000000ae600000, 0x00000000ae700000, 0x00000000ae700000|100%| E|CS|TAMS 0x00000000ae600000| PB 0x00000000ae600000| Complete 
| 211|0x00000000ae700000, 0x00000000ae800000, 0x00000000ae800000|100%| E|CS|TAMS 0x00000000ae700000| PB 0x00000000ae700000| Complete 
| 212|0x00000000ae800000, 0x00000000ae900000, 0x00000000ae900000|100%| E|CS|TAMS 0x00000000ae800000| PB 0x00000000ae800000| Complete 
| 213|0x00000000ae900000, 0x00000000aea00000, 0x00000000aea00000|100%| E|CS|TAMS 0x00000000ae900000| PB 0x00000000ae900000| Complete 
| 214|0x00000000aea00000, 0x00000000aeb00000, 0x00000000aeb00000|100%| E|CS|TAMS 0x00000000aea00000| PB 0x00000000aea00000| Complete 
| 215|0x00000000aeb00000, 0x00000000aec00000, 0x00000000aec00000|100%| E|CS|TAMS 0x00000000aeb00000| PB 0x00000000aeb00000| Complete 
| 216|0x00000000aec00000, 0x00000000aed00000, 0x00000000aed00000|100%| E|CS|TAMS 0x00000000aec00000| PB 0x00000000aec00000| Complete 
| 217|0x00000000aed00000, 0x00000000aee00000, 0x00000000aee00000|100%| E|CS|TAMS 0x00000000aed00000| PB 0x00000000aed00000| Complete 
| 218|0x00000000aee00000, 0x00000000aef00000, 0x00000000aef00000|100%| E|CS|TAMS 0x00000000aee00000| PB 0x00000000aee00000| Complete 
| 219|0x00000000aef00000, 0x00000000af000000, 0x00000000af000000|100%| E|CS|TAMS 0x00000000aef00000| PB 0x00000000aef00000| Complete 
| 220|0x00000000af000000, 0x00000000af100000, 0x00000000af100000|100%| E|CS|TAMS 0x00000000af000000| PB 0x00000000af000000| Complete 
| 221|0x00000000af100000, 0x00000000af200000, 0x00000000af200000|100%| E|CS|TAMS 0x00000000af100000| PB 0x00000000af100000| Complete 
| 222|0x00000000af200000, 0x00000000af2e37a8, 0x00000000af300000| 88%| S|CS|TAMS 0x00000000af200000| PB 0x00000000af200000| Complete 
| 223|0x00000000af300000, 0x00000000af400000, 0x00000000af400000|100%| S|CS|TAMS 0x00000000af300000| PB 0x00000000af300000| Complete 
| 224|0x00000000af400000, 0x00000000af500000, 0x00000000af500000|100%| S|CS|TAMS 0x00000000af400000| PB 0x00000000af400000| Complete 
| 225|0x00000000af500000, 0x00000000af600000, 0x00000000af600000|100%| S|CS|TAMS 0x00000000af500000| PB 0x00000000af500000| Complete 
| 226|0x00000000af600000, 0x00000000af700000, 0x00000000af700000|100%| E|CS|TAMS 0x00000000af600000| PB 0x00000000af600000| Complete 
| 227|0x00000000af700000, 0x00000000af800000, 0x00000000af800000|100%| E|CS|TAMS 0x00000000af700000| PB 0x00000000af700000| Complete 
| 228|0x00000000af800000, 0x00000000af900000, 0x00000000af900000|100%| E|CS|TAMS 0x00000000af800000| PB 0x00000000af800000| Complete 
| 229|0x00000000af900000, 0x00000000afa00000, 0x00000000afa00000|100%| E|CS|TAMS 0x00000000af900000| PB 0x00000000af900000| Complete 
| 230|0x00000000afa00000, 0x00000000afb00000, 0x00000000afb00000|100%| E|CS|TAMS 0x00000000afa00000| PB 0x00000000afa00000| Complete 
| 231|0x00000000afb00000, 0x00000000afc00000, 0x00000000afc00000|100%| E|CS|TAMS 0x00000000afb00000| PB 0x00000000afb00000| Complete 
| 232|0x00000000afc00000, 0x00000000afd00000, 0x00000000afd00000|100%| E|CS|TAMS 0x00000000afc00000| PB 0x00000000afc00000| Complete 
| 233|0x00000000afd00000, 0x00000000afe00000, 0x00000000afe00000|100%| E|CS|TAMS 0x00000000afd00000| PB 0x00000000afd00000| Complete 
| 234|0x00000000afe00000, 0x00000000aff00000, 0x00000000aff00000|100%| E|CS|TAMS 0x00000000afe00000| PB 0x00000000afe00000| Complete 
| 235|0x00000000aff00000, 0x00000000b0000000, 0x00000000b0000000|100%| E|CS|TAMS 0x00000000aff00000| PB 0x00000000aff00000| Complete 
| 236|0x00000000b0000000, 0x00000000b0100000, 0x00000000b0100000|100%| E|CS|TAMS 0x00000000b0000000| PB 0x00000000b0000000| Complete 
| 237|0x00000000b0100000, 0x00000000b0200000, 0x00000000b0200000|100%| E|CS|TAMS 0x00000000b0100000| PB 0x00000000b0100000| Complete 
| 238|0x00000000b0200000, 0x00000000b0300000, 0x00000000b0300000|100%| E|CS|TAMS 0x00000000b0200000| PB 0x00000000b0200000| Complete 
| 239|0x00000000b0300000, 0x00000000b0400000, 0x00000000b0400000|100%| E|CS|TAMS 0x00000000b0300000| PB 0x00000000b0300000| Complete 
| 240|0x00000000b0400000, 0x00000000b0500000, 0x00000000b0500000|100%| E|CS|TAMS 0x00000000b0400000| PB 0x00000000b0400000| Complete 
| 241|0x00000000b0500000, 0x00000000b0600000, 0x00000000b0600000|100%| E|CS|TAMS 0x00000000b0500000| PB 0x00000000b0500000| Complete 
| 242|0x00000000b0600000, 0x00000000b0700000, 0x00000000b0700000|100%| E|CS|TAMS 0x00000000b0600000| PB 0x00000000b0600000| Complete 
| 243|0x00000000b0700000, 0x00000000b0800000, 0x00000000b0800000|100%| E|CS|TAMS 0x00000000b0700000| PB 0x00000000b0700000| Complete 
| 244|0x00000000b0800000, 0x00000000b0900000, 0x00000000b0900000|100%| E|CS|TAMS 0x00000000b0800000| PB 0x00000000b0800000| Complete 
| 245|0x00000000b0900000, 0x00000000b0a00000, 0x00000000b0a00000|100%| E|CS|TAMS 0x00000000b0900000| PB 0x00000000b0900000| Complete 
| 246|0x00000000b0a00000, 0x00000000b0b00000, 0x00000000b0b00000|100%| E|CS|TAMS 0x00000000b0a00000| PB 0x00000000b0a00000| Complete 
| 247|0x00000000b0b00000, 0x00000000b0c00000, 0x00000000b0c00000|100%| E|CS|TAMS 0x00000000b0b00000| PB 0x00000000b0b00000| Complete 
| 248|0x00000000b0c00000, 0x00000000b0d00000, 0x00000000b0d00000|100%| E|CS|TAMS 0x00000000b0c00000| PB 0x00000000b0c00000| Complete 
|1513|0x00000000ffd00000, 0x00000000ffe00000, 0x00000000ffe00000|100%| E|CS|TAMS 0x00000000ffd00000| PB 0x00000000ffd00000| Complete 
|1514|0x00000000ffe00000, 0x00000000fff00000, 0x00000000fff00000|100%| O|  |TAMS 0x00000000ffe00000| PB 0x00000000ffe00000| Untracked 
|1515|0x00000000fff00000, 0x0000000100000000, 0x0000000100000000|100%| O|  |TAMS 0x00000000fff00000| PB 0x00000000fff00000| Untracked 

Card table byte_map: [0x0000018db0f30000,0x0000018db1230000] _byte_map_base: 0x0000018db0a26000

Marking Bits: (CMBitMap*) 0x0000018d9eb1d7c0
 Bits: [0x0000018db1230000, 0x0000018db29e0000)

Polling page: 0x0000018d9cbc0000

Metaspace:

Usage:
  Non-class:     56.82 MB used.
      Class:      7.25 MB used.
       Both:     64.08 MB used.

Virtual space:
  Non-class space:       64.00 MB reserved,      57.00 MB ( 89%) committed,  1 nodes.
      Class space:        1.00 GB reserved,       7.44 MB ( <1%) committed,  1 nodes.
             Both:        1.06 GB reserved,      64.44 MB (  6%) committed. 

Chunk freelists:
   Non-Class:  6.66 MB
       Class:  8.39 MB
        Both:  15.05 MB

MaxMetaspaceSize: unlimited
CompressedClassSpaceSize: 1.00 GB
Initial GC threshold: 21.00 MB
Current GC threshold: 105.88 MB
CDS: off
 - commit_granule_bytes: 65536.
 - commit_granule_words: 8192.
 - virtual_space_node_default_size: 8388608.
 - enlarge_chunks_in_place: 1.
 - use_allocation_guard: 0.


Internal statistics:

num_allocs_failed_limit: 3.
num_arena_births: 314.
num_arena_deaths: 0.
num_vsnodes_births: 2.
num_vsnodes_deaths: 0.
num_space_committed: 1029.
num_space_uncommitted: 0.
num_chunks_returned_to_freelist: 3.
num_chunks_taken_from_freelist: 2267.
num_chunk_merges: 3.
num_chunk_splits: 1899.
num_chunks_enlarged: 1713.
num_inconsistent_stats: 0.

CodeHeap 'non-profiled nmethods': size=120000Kb used=5450Kb max_used=5450Kb free=114549Kb
 bounds [0x0000018da9700000, 0x0000018da9c60000, 0x0000018db0c30000]
CodeHeap 'profiled nmethods': size=120000Kb used=29003Kb max_used=29003Kb free=90996Kb
 bounds [0x0000018da1c30000, 0x0000018da3890000, 0x0000018da9160000]
CodeHeap 'non-nmethods': size=5760Kb used=1651Kb max_used=1695Kb free=4108Kb
 bounds [0x0000018da9160000, 0x0000018da93d0000, 0x0000018da9700000]
CodeCache: size=245760Kb, used=36104Kb, max_used=36148Kb, free=209653Kb
 total_blobs=9708, nmethods=9006, adapters=602, full_count=0
Compilation: enabled, stopped_count=0, restarted_count=0

Compilation events (20 events):
Event: 61.489 Thread 0x0000018db5075460 10045       3       org.jetbrains.kotlin.fir.resolve.dfa.cfg.ControlFlowGraphBuilder::exitValueParameter (181 bytes)
Event: 61.491 Thread 0x0000018db5075460 nmethod 10045 0x0000018da386ee10 code [0x0000018da386f2c0, 0x0000018da38711c8]
Event: 61.491 Thread 0x0000018db5075460 10046       1       org.jetbrains.kotlin.fir.declarations.impl.FirAnonymousFunctionImpl::getLabel (5 bytes)
Event: 61.491 Thread 0x0000018db5075460 nmethod 10046 0x0000018da9c52890 code [0x0000018da9c52a20, 0x0000018da9c52ae8]
Event: 61.493 Thread 0x0000018db5075460 10047       3       org.jetbrains.kotlin.config.MavenComparableVersion::compareTo (12 bytes)
Event: 61.493 Thread 0x0000018db5075460 nmethod 10047 0x0000018da3871d10 code [0x0000018da3871ec0, 0x0000018da3872018]
Event: 61.651 Thread 0x0000018db5075460 10049       3       org.jetbrains.kotlin.load.kotlin.FileBasedKotlinClass$InnerClassesInfo::get (33 bytes)
Event: 61.651 Thread 0x0000018db5075460 nmethod 10049 0x0000018da3872110 code [0x0000018da38722e0, 0x0000018da3872658]
Event: 61.652 Thread 0x0000018db5075460 10050       3       org.jetbrains.kotlin.fir.types.FirCorrespondingSupertypesCache::computeSupertypePolicyAndPutInMap (135 bytes)
Event: 61.654 Thread 0x0000018db5075460 nmethod 10050 0x0000018da3872790 code [0x0000018da3872b00, 0x0000018da3874368]
Event: 61.654 Thread 0x0000018db5075460 10051       3       org.jetbrains.kotlin.fir.types.FirCorrespondingSupertypesCache$$Lambda/0x00000001006fec00::<init> (10 bytes)
Event: 61.654 Thread 0x0000018db5075460 nmethod 10051 0x0000018da3874a10 code [0x0000018da3874bc0, 0x0000018da3874d78]
Event: 61.655 Thread 0x0000018db5075460 10052       3       org.jetbrains.kotlin.fir.declarations.impl.FirAnonymousFunctionImpl::setReturnTypeRef (13 bytes)
Event: 61.655 Thread 0x0000018db5075460 nmethod 10052 0x0000018da3874e10 code [0x0000018da3875040, 0x0000018da3875620]
Event: 61.655 Thread 0x0000018db5075460 10053       3       org.jetbrains.kotlin.fir.resolve.dfa.TypeStatement::<init> (5 bytes)
Event: 61.655 Thread 0x0000018db5075460 nmethod 10053 0x0000018da3875890 code [0x0000018da3875a40, 0x0000018da3875cc0]
Event: 61.655 Thread 0x0000018db5075460 10054       3       org.jetbrains.kotlin.fir.resolve.dfa.TypeStatement::<init> (6 bytes)
Event: 61.655 Thread 0x0000018db5075460 nmethod 10054 0x0000018da3875e10 code [0x0000018da3875fc0, 0x0000018da38761e8]
Event: 61.655 Thread 0x0000018db5075460 10055       3       org.jetbrains.kotlin.kotlinx.collections.immutable.implementations.immutableMap.TrieNode::mutableInsertEntryAt (78 bytes)
Event: 61.656 Thread 0x0000018db5075460 nmethod 10055 0x0000018da3876310 code [0x0000018da38765a0, 0x0000018da3877048]

GC Heap History (20 events):
Event: 29.428 GC heap before
{Heap before GC invocations=27 (full 0):
 garbage-first heap   total 135168K, used 114688K [0x00000000a1400000, 0x0000000100000000)
  region size 1024K, 34 young (34816K), 3 survivors (3072K)
 Metaspace       used 56229K, committed 56512K, reserved 1114112K
  class space    used 6546K, committed 6656K, reserved 1048576K
}
Event: 29.437 GC heap after
{Heap after GC invocations=28 (full 0):
 garbage-first heap   total 135168K, used 91136K [0x00000000a1400000, 0x0000000100000000)
  region size 1024K, 5 young (5120K), 5 survivors (5120K)
 Metaspace       used 56229K, committed 56512K, reserved 1114112K
  class space    used 6546K, committed 6656K, reserved 1048576K
}
Event: 30.270 GC heap before
{Heap before GC invocations=28 (full 0):
 garbage-first heap   total 135168K, used 117760K [0x00000000a1400000, 0x0000000100000000)
  region size 1024K, 31 young (31744K), 5 survivors (5120K)
 Metaspace       used 56229K, committed 56512K, reserved 1114112K
  class space    used 6546K, committed 6656K, reserved 1048576K
}
Event: 30.280 GC heap after
{Heap after GC invocations=29 (full 0):
 garbage-first heap   total 135168K, used 98687K [0x00000000a1400000, 0x0000000100000000)
  region size 1024K, 4 young (4096K), 4 survivors (4096K)
 Metaspace       used 56229K, committed 56512K, reserved 1114112K
  class space    used 6546K, committed 6656K, reserved 1048576K
}
Event: 30.629 GC heap before
{Heap before GC invocations=30 (full 0):
 garbage-first heap   total 165888K, used 120191K [0x00000000a1400000, 0x0000000100000000)
  region size 1024K, 25 young (25600K), 4 survivors (4096K)
 Metaspace       used 56229K, committed 56512K, reserved 1114112K
  class space    used 6546K, committed 6656K, reserved 1048576K
}
Event: 30.637 GC heap after
{Heap after GC invocations=31 (full 0):
 garbage-first heap   total 165888K, used 104448K [0x00000000a1400000, 0x0000000100000000)
  region size 1024K, 4 young (4096K), 4 survivors (4096K)
 Metaspace       used 56229K, committed 56512K, reserved 1114112K
  class space    used 6546K, committed 6656K, reserved 1048576K
}
Event: 31.124 GC heap before
{Heap before GC invocations=31 (full 0):
 garbage-first heap   total 165888K, used 142336K [0x00000000a1400000, 0x0000000100000000)
  region size 1024K, 41 young (41984K), 4 survivors (4096K)
 Metaspace       used 56229K, committed 56512K, reserved 1114112K
  class space    used 6546K, committed 6656K, reserved 1048576K
}
Event: 31.135 GC heap after
{Heap after GC invocations=32 (full 0):
 garbage-first heap   total 165888K, used 113152K [0x00000000a1400000, 0x0000000100000000)
  region size 1024K, 6 young (6144K), 6 survivors (6144K)
 Metaspace       used 56229K, committed 56512K, reserved 1114112K
  class space    used 6546K, committed 6656K, reserved 1048576K
}
Event: 31.493 GC heap before
{Heap before GC invocations=32 (full 0):
 garbage-first heap   total 165888K, used 144896K [0x00000000a1400000, 0x0000000100000000)
  region size 1024K, 37 young (37888K), 6 survivors (6144K)
 Metaspace       used 56229K, committed 56512K, reserved 1114112K
  class space    used 6546K, committed 6656K, reserved 1048576K
}
Event: 31.504 GC heap after
{Heap after GC invocations=33 (full 0):
 garbage-first heap   total 165888K, used 121856K [0x00000000a1400000, 0x0000000100000000)
  region size 1024K, 5 young (5120K), 5 survivors (5120K)
 Metaspace       used 56229K, committed 56512K, reserved 1114112K
  class space    used 6546K, committed 6656K, reserved 1048576K
}
Event: 33.459 GC heap before
{Heap before GC invocations=34 (full 0):
 garbage-first heap   total 203776K, used 148480K [0x00000000a1400000, 0x0000000100000000)
  region size 1024K, 31 young (31744K), 5 survivors (5120K)
 Metaspace       used 56268K, committed 56576K, reserved 1114112K
  class space    used 6552K, committed 6656K, reserved 1048576K
}
Event: 33.474 GC heap after
{Heap after GC invocations=35 (full 0):
 garbage-first heap   total 203776K, used 131072K [0x00000000a1400000, 0x0000000100000000)
  region size 1024K, 4 young (4096K), 4 survivors (4096K)
 Metaspace       used 56268K, committed 56576K, reserved 1114112K
  class space    used 6552K, committed 6656K, reserved 1048576K
}
Event: 38.637 GC heap before
{Heap before GC invocations=35 (full 0):
 garbage-first heap   total 203776K, used 173056K [0x00000000a1400000, 0x0000000100000000)
  region size 1024K, 45 young (46080K), 4 survivors (4096K)
 Metaspace       used 61425K, committed 61760K, reserved 1114112K
  class space    used 7170K, committed 7296K, reserved 1048576K
}
Event: 38.660 GC heap after
{Heap after GC invocations=36 (full 0):
 garbage-first heap   total 203776K, used 137673K [0x00000000a1400000, 0x0000000100000000)
  region size 1024K, 6 young (6144K), 6 survivors (6144K)
 Metaspace       used 61425K, committed 61760K, reserved 1114112K
  class space    used 7170K, committed 7296K, reserved 1048576K
}
Event: 50.532 GC heap before
{Heap before GC invocations=36 (full 0):
 garbage-first heap   total 203776K, used 177609K [0x00000000a1400000, 0x0000000100000000)
  region size 1024K, 45 young (46080K), 6 survivors (6144K)
 Metaspace       used 63542K, committed 63936K, reserved 1114112K
  class space    used 7278K, committed 7424K, reserved 1048576K
}
Event: 50.555 GC heap after
{Heap after GC invocations=37 (full 0):
 garbage-first heap   total 203776K, used 145129K [0x00000000a1400000, 0x0000000100000000)
  region size 1024K, 6 young (6144K), 6 survivors (6144K)
 Metaspace       used 63542K, committed 63936K, reserved 1114112K
  class space    used 7278K, committed 7424K, reserved 1048576K
}
Event: 55.082 GC heap before
{Heap before GC invocations=37 (full 0):
 garbage-first heap   total 203776K, used 181993K [0x00000000a1400000, 0x0000000100000000)
  region size 1024K, 42 young (43008K), 6 survivors (6144K)
 Metaspace       used 64532K, committed 64896K, reserved 1114112K
  class space    used 7372K, committed 7552K, reserved 1048576K
}
Event: 55.102 GC heap after
{Heap after GC invocations=38 (full 0):
 garbage-first heap   total 203776K, used 154624K [0x00000000a1400000, 0x0000000100000000)
  region size 1024K, 6 young (6144K), 6 survivors (6144K)
 Metaspace       used 64532K, committed 64896K, reserved 1114112K
  class space    used 7372K, committed 7552K, reserved 1048576K
}
Event: 59.397 GC heap before
{Heap before GC invocations=39 (full 0):
 garbage-first heap   total 258048K, used 183296K [0x00000000a1400000, 0x0000000100000000)
  region size 1024K, 34 young (34816K), 6 survivors (6144K)
 Metaspace       used 65343K, committed 65728K, reserved 1114112K
  class space    used 7421K, committed 7616K, reserved 1048576K
}
Event: 59.412 GC heap after
{Heap after GC invocations=40 (full 0):
 garbage-first heap   total 258048K, used 159629K [0x00000000a1400000, 0x0000000100000000)
  region size 1024K, 4 young (4096K), 4 survivors (4096K)
 Metaspace       used 65343K, committed 65728K, reserved 1114112K
  class space    used 7421K, committed 7616K, reserved 1048576K
}

Dll operation events (3 events):
Event: 0.026 Loaded shared library C:\Program Files\Android\Android Studio\jbr\bin\java.dll
Event: 0.051 Loaded shared library C:\Program Files\Android\Android Studio\jbr\bin\zip.dll
Event: 9.373 Loaded shared library C:\Program Files\Android\Android Studio\jbr\bin\verify.dll

Deoptimization events (20 events):
Event: 59.193 Thread 0x0000018d9c7cf8e0 Uncommon trap: trap_request=0xffffff45 fr.pc=0x0000018da9be45dc relative=0x000000000000033c
Event: 59.193 Thread 0x0000018d9c7cf8e0 Uncommon trap: reason=unstable_if action=reinterpret pc=0x0000018da9be45dc method=org.jetbrains.kotlin.fir.types.ConeLookupTagBasedType.equals(Ljava/lang/Object;)Z @ 84 c2
Event: 59.193 Thread 0x0000018d9c7cf8e0 DEOPT PACKING pc=0x0000018da9be45dc sp=0x00000013797f79b0
Event: 59.193 Thread 0x0000018d9c7cf8e0 DEOPT UNPACKING pc=0x0000018da91b46a2 sp=0x00000013797f7950 mode 2
Event: 59.644 Thread 0x0000018d9c7cf8e0 Uncommon trap: trap_request=0xffffffbe fr.pc=0x0000018da98767a4 relative=0x0000000000000504
Event: 59.644 Thread 0x0000018d9c7cf8e0 Uncommon trap: reason=profile_predicate action=maybe_recompile pc=0x0000018da98767a4 method=org.jetbrains.kotlin.com.intellij.mock.MockFileIndexFacade.isInLibraryClasses(Lorg/jetbrains/kotlin/com/intellij/openapi/vfs/VirtualFile;)Z @ 24 c2
Event: 59.644 Thread 0x0000018d9c7cf8e0 DEOPT PACKING pc=0x0000018da98767a4 sp=0x00000013797f56b0
Event: 59.644 Thread 0x0000018d9c7cf8e0 DEOPT UNPACKING pc=0x0000018da91b46a2 sp=0x00000013797f5680 mode 2
Event: 59.645 Thread 0x0000018d9c7cf8e0 Uncommon trap: trap_request=0xffffff45 fr.pc=0x0000018da9959050 relative=0x000000000000ab10
Event: 59.645 Thread 0x0000018d9c7cf8e0 Uncommon trap: reason=unstable_if action=reinterpret pc=0x0000018da9959050 method=org.jetbrains.org.objectweb.asm.ClassReader.accept(Lorg/jetbrains/org/objectweb/asm/ClassVisitor;[Lorg/jetbrains/org/objectweb/asm/Attribute;I)V @ 683 c2
Event: 59.645 Thread 0x0000018d9c7cf8e0 DEOPT PACKING pc=0x0000018da9959050 sp=0x00000013797f4cc0
Event: 59.645 Thread 0x0000018d9c7cf8e0 DEOPT UNPACKING pc=0x0000018da91b46a2 sp=0x00000013797f4cc8 mode 2
Event: 59.952 Thread 0x0000018d9c7cf8e0 Uncommon trap: trap_request=0xffffff45 fr.pc=0x0000018da99ba750 relative=0x0000000000005f10
Event: 59.952 Thread 0x0000018d9c7cf8e0 Uncommon trap: reason=unstable_if action=reinterpret pc=0x0000018da99ba750 method=org.jetbrains.kotlin.metadata.ProtoBuf$Function.<init>(Lorg/jetbrains/kotlin/protobuf/CodedInputStream;Lorg/jetbrains/kotlin/protobuf/ExtensionRegistryLite;)V @ 981 c2
Event: 59.952 Thread 0x0000018d9c7cf8e0 DEOPT PACKING pc=0x0000018da99ba750 sp=0x00000013797f9c70
Event: 59.952 Thread 0x0000018d9c7cf8e0 DEOPT UNPACKING pc=0x0000018da91b46a2 sp=0x00000013797f9c28 mode 2
Event: 60.113 Thread 0x0000018d9c7cf8e0 Uncommon trap: trap_request=0xffffff45 fr.pc=0x0000018da9b81acc relative=0x00000000000028ec
Event: 60.113 Thread 0x0000018d9c7cf8e0 Uncommon trap: reason=unstable_if action=reinterpret pc=0x0000018da9b81acc method=org.jetbrains.kotlin.fir.resolve.calls.tower.ProcessResult.plus(Lorg/jetbrains/kotlin/fir/resolve/calls/tower/ProcessResult;)Lorg/jetbrains/kotlin/fir/resolve/calls/tower/Pr
Event: 60.113 Thread 0x0000018d9c7cf8e0 DEOPT PACKING pc=0x0000018da9b81acc sp=0x00000013797f62e0
Event: 60.113 Thread 0x0000018d9c7cf8e0 DEOPT UNPACKING pc=0x0000018da91b46a2 sp=0x00000013797f6138 mode 2

Classes loaded (20 events):
Event: 26.346 Loading class java/util/regex/Pattern$StartS
Event: 26.346 Loading class java/util/regex/Pattern$StartS done
Event: 26.353 Loading class java/util/Collections$SynchronizedSet
Event: 26.353 Loading class java/util/Collections$SynchronizedCollection
Event: 26.354 Loading class java/util/Collections$SynchronizedCollection done
Event: 26.354 Loading class java/util/Collections$SynchronizedSet done
Event: 26.393 Loading class java/util/EnumMap$EntrySet
Event: 26.394 Loading class java/util/EnumMap$EntrySet done
Event: 26.394 Loading class java/util/EnumMap$EntryIterator
Event: 26.394 Loading class java/util/EnumMap$EnumMapIterator
Event: 26.394 Loading class java/util/EnumMap$EnumMapIterator done
Event: 26.394 Loading class java/util/EnumMap$EntryIterator done
Event: 26.395 Loading class java/util/EnumMap$EntryIterator$Entry
Event: 26.395 Loading class java/util/EnumMap$EntryIterator$Entry done
Event: 36.619 Loading class java/util/AbstractList$RandomAccessSubList
Event: 36.620 Loading class java/util/AbstractList$RandomAccessSubList done
Event: 37.988 Loading class java/security/CodeSigner
Event: 37.989 Loading class java/security/CodeSigner done
Event: 44.879 Loading class java/lang/Byte$ByteCache
Event: 44.913 Loading class java/lang/Byte$ByteCache done

Classes unloaded (0 events):
No events

Classes redefined (0 events):
No events

Internal exceptions (20 events):
Event: 21.894 Thread 0x0000018d9c7cf8e0 Implicit null exception at 0x0000018da9896e84 to 0x0000018da9897dfc
Event: 21.911 Thread 0x0000018d9c7cf8e0 Implicit null exception at 0x0000018da9908ca8 to 0x0000018da99098e4
Event: 23.056 Thread 0x0000018d9c7cf8e0 Exception <a 'java/lang/NoSuchMethodError'{0x00000000a4ff9848}: 'java.lang.Object java.lang.invoke.DirectMethodHandle$Holder.newInvokeSpecial(java.lang.Object, java.lang.Object, java.lang.Object, int, java.lang.Object)'> (0x00000000a4ff9848) 
thrown [s\src\hotspot\share\interpreter\linkResolver.cpp, line 784]
Event: 23.495 Thread 0x0000018d9c7cf8e0 Exception <a 'java/lang/NoSuchMethodError'{0x00000000a4a274f8}: 'java.lang.Object java.lang.invoke.DirectMethodHandle$Holder.newInvokeSpecial(java.lang.Object, java.lang.Object, java.lang.Object, java.lang.Object, int)'> (0x00000000a4a274f8) 
thrown [s\src\hotspot\share\interpreter\linkResolver.cpp, line 784]
Event: 23.495 Thread 0x0000018d9c7cf8e0 Exception <a 'java/lang/NoSuchMethodError'{0x00000000a4a2b940}: 'java.lang.Object java.lang.invoke.DirectMethodHandle$Holder.invokeSpecial(java.lang.Object, java.lang.Object, java.lang.Object, java.lang.Object, java.lang.Object, int)'> (0x00000000a4a2b940) 
thrown [s\src\hotspot\share\interpreter\linkResolver.cpp, line 784]
Event: 23.495 Thread 0x0000018d9c7cf8e0 Exception <a 'java/lang/NoSuchMethodError'{0x00000000a4a2f680}: 'java.lang.Object java.lang.invoke.Invokers$Holder.linkToTargetMethod(java.lang.Object, java.lang.Object, java.lang.Object, int, java.lang.Object)'> (0x00000000a4a2f680) 
thrown [s\src\hotspot\share\interpreter\linkResolver.cpp, line 784]
Event: 23.548 Thread 0x0000018d9c7cf8e0 Implicit null exception at 0x0000018da97e2446 to 0x0000018da97e2708
Event: 26.303 Thread 0x0000018d9c7cf8e0 Exception <a 'java/lang/NoSuchMethodError'{0x00000000a6c9afd8}: 'java.lang.Object java.lang.invoke.Invokers$Holder.invokeExact_MT(java.lang.Object, java.lang.Object, long, java.lang.Object)'> (0x00000000a6c9afd8) 
thrown [s\src\hotspot\share\interpreter\linkResolver.cpp, line 784]
Event: 36.271 Thread 0x0000018d9c7cf8e0 Exception <a 'java/lang/NoSuchMethodError'{0x00000000ac015b80}: 'java.lang.Object java.lang.invoke.DirectMethodHandle$Holder.newInvokeSpecial(java.lang.Object, java.lang.Object, java.lang.Object, java.lang.Object, int, java.lang.Object, java.lang.Object)'> (0x00000000ac015b80) 
thrown [s\src\hotspot\share\interpreter\linkResolver.cpp, line 784]
Event: 36.272 Thread 0x0000018d9c7cf8e0 Exception <a 'java/lang/NoSuchMethodError'{0x00000000ac01dd10}: 'java.lang.Object java.lang.invoke.Invokers$Holder.linkToTargetMethod(java.lang.Object, java.lang.Object, java.lang.Object, int, java.lang.Object, java.lang.Object, java.lang.Object)'> (0x00000000ac01dd10) 
thrown [s\src\hotspot\share\interpreter\linkResolver.cpp, line 784]
Event: 36.768 Thread 0x0000018d9c7cf8e0 Exception <a 'java/lang/NoSuchMethodError'{0x00000000ab859810}: 'java.lang.Object java.lang.invoke.DirectMethodHandle$Holder.newInvokeSpecial(java.lang.Object, int, java.lang.Object)'> (0x00000000ab859810) 
thrown [s\src\hotspot\share\interpreter\linkResolver.cpp, line 784]
Event: 37.200 Thread 0x0000018d9c7cf8e0 Exception <a 'java/lang/NoSuchMethodError'{0x00000000ab51f858}: 'java.lang.Object java.lang.invoke.DirectMethodHandle$Holder.invokeSpecial(java.lang.Object, java.lang.Object, int, java.lang.Object, java.lang.Object)'> (0x00000000ab51f858) 
thrown [s\src\hotspot\share\interpreter\linkResolver.cpp, line 784]
Event: 37.803 Thread 0x0000018d9c7cf8e0 Exception <a 'java/lang/NoSuchMethodError'{0x00000000ab1bb278}: 'java.lang.Object java.lang.invoke.DirectMethodHandle$Holder.invokeStatic(java.lang.Object, java.lang.Object, java.lang.Object, int, java.lang.Object, java.lang.Object)'> (0x00000000ab1bb278) 
thrown [s\src\hotspot\share\interpreter\linkResolver.cpp, line 784]
Event: 37.902 Thread 0x0000018d9c7cf8e0 Exception <a 'java/lang/NoSuchMethodError'{0x00000000ab079bb0}: 'java.lang.Object java.lang.invoke.DirectMethodHandle$Holder.newInvokeSpecial(java.lang.Object, int, java.lang.Object, java.lang.Object, java.lang.Object)'> (0x00000000ab079bb0) 
thrown [s\src\hotspot\share\interpreter\linkResolver.cpp, line 784]
Event: 37.903 Thread 0x0000018d9c7cf8e0 Exception <a 'java/lang/NoSuchMethodError'{0x00000000ab081fd8}: 'java.lang.Object java.lang.invoke.Invokers$Holder.linkToTargetMethod(int, java.lang.Object, java.lang.Object, java.lang.Object, java.lang.Object)'> (0x00000000ab081fd8) 
thrown [s\src\hotspot\share\interpreter\linkResolver.cpp, line 784]
Event: 50.986 Thread 0x0000018d9c7cf8e0 Exception <a 'java/lang/NoSuchMethodError'{0x00000000ad21cd30}: 'java.lang.Object java.lang.invoke.DirectMethodHandle$Holder.newInvokeSpecial(java.lang.Object, java.lang.Object, java.lang.Object, java.lang.Object, java.lang.Object, java.lang.Object, java.lang.Object, java.lang.Object, java.lang.Object)'> (0x00000000ad21cd30) 
thrown [s\src\hotspot\share\interpreter\linkResolver.cpp, line 784]
Event: 51.383 Thread 0x0000018d9c7cf8e0 Exception <a 'java/lang/NoSuchMethodError'{0x00000000ad255ec0}: 'java.lang.Object java.lang.invoke.DirectMethodHandle$Holder.invokeStatic(java.lang.Object, int, java.lang.Object, java.lang.Object)'> (0x00000000ad255ec0) 
thrown [s\src\hotspot\share\interpreter\linkResolver.cpp, line 784]
Event: 52.201 Thread 0x0000018d9c7cf8e0 Exception <a 'java/lang/NoSuchMethodError'{0x00000000acf78520}: 'java.lang.Object java.lang.invoke.DirectMethodHandle$Holder.newInvokeSpecial(java.lang.Object, java.lang.Object, java.lang.Object, java.lang.Object, java.lang.Object, int)'> (0x00000000acf78520) 
thrown [s\src\hotspot\share\interpreter\linkResolver.cpp, line 784]
Event: 52.202 Thread 0x0000018d9c7cf8e0 Exception <a 'java/lang/NoSuchMethodError'{0x00000000acf7cfb8}: 'java.lang.Object java.lang.invoke.DirectMethodHandle$Holder.invokeSpecial(java.lang.Object, java.lang.Object, java.lang.Object, java.lang.Object, java.lang.Object, java.lang.Object, int)'> (0x00000000acf7cfb8) 
thrown [s\src\hotspot\share\interpreter\linkResolver.cpp, line 784]
Event: 52.202 Thread 0x0000018d9c7cf8e0 Exception <a 'java/lang/NoSuchMethodError'{0x00000000acf82000}: 'java.lang.Object java.lang.invoke.Invokers$Holder.linkToTargetMethod(java.lang.Object, java.lang.Object, java.lang.Object, java.lang.Object, int, java.lang.Object)'> (0x00000000acf82000) 
thrown [s\src\hotspot\share\interpreter\linkResolver.cpp, line 784]

ZGC Phase Switch (0 events):
No events

VM Operations (20 events):
Event: 55.457 Executing VM operation: G1PauseCleanup
Event: 55.458 Executing VM operation: G1PauseCleanup done
Event: 56.467 Executing VM operation: Cleanup
Event: 56.467 Executing VM operation: Cleanup done
Event: 57.482 Executing VM operation: Cleanup
Event: 57.482 Executing VM operation: Cleanup done
Event: 58.376 Executing VM operation: ICBufferFull
Event: 58.376 Executing VM operation: ICBufferFull done
Event: 59.173 Executing VM operation: ICBufferFull
Event: 59.173 Executing VM operation: ICBufferFull done
Event: 59.397 Executing VM operation: G1CollectForAllocation (G1 Evacuation Pause)
Event: 59.412 Executing VM operation: G1CollectForAllocation (G1 Evacuation Pause) done
Event: 59.913 Executing VM operation: ICBufferFull
Event: 59.913 Executing VM operation: ICBufferFull done
Event: 60.147 Executing VM operation: HandshakeAllThreads (HandshakeForDeflation)
Event: 60.148 Executing VM operation: HandshakeAllThreads (HandshakeForDeflation) done
Event: 60.148 Executing VM operation: RendezvousGCThreads
Event: 60.148 Executing VM operation: RendezvousGCThreads done
Event: 61.151 Executing VM operation: Cleanup
Event: 61.167 Executing VM operation: Cleanup done

Memory protections (0 events):
No events

Nmethod flushes (20 events):
Event: 55.368 Thread 0x0000018db4e9cd00 flushing  nmethod 0x0000018da21bdb10
Event: 55.368 Thread 0x0000018db4e9cd00 flushing  nmethod 0x0000018da223b110
Event: 55.368 Thread 0x0000018db4e9cd00 flushing  nmethod 0x0000018da23cdb10
Event: 55.368 Thread 0x0000018db4e9cd00 flushing  nmethod 0x0000018da24e0790
Event: 55.368 Thread 0x0000018db4e9cd00 flushing  nmethod 0x0000018da25d9590
Event: 55.368 Thread 0x0000018db4e9cd00 flushing  nmethod 0x0000018da25d9a10
Event: 55.368 Thread 0x0000018db4e9cd00 flushing  nmethod 0x0000018da1c35610
Event: 55.368 Thread 0x0000018db4e9cd00 flushing  nmethod 0x0000018da1fae990
Event: 55.368 Thread 0x0000018db4e9cd00 flushing  nmethod 0x0000018da1fb2b10
Event: 55.368 Thread 0x0000018db4e9cd00 flushing  nmethod 0x0000018da245fc10
Event: 55.368 Thread 0x0000018db4e9cd00 flushing  nmethod 0x0000018da254c390
Event: 55.368 Thread 0x0000018db4e9cd00 flushing  nmethod 0x0000018da2569510
Event: 55.368 Thread 0x0000018db4e9cd00 flushing  nmethod 0x0000018da2575d90
Event: 55.368 Thread 0x0000018db4e9cd00 flushing  nmethod 0x0000018da25c7d10
Event: 55.368 Thread 0x0000018db4e9cd00 flushing  nmethod 0x0000018da260e690
Event: 55.368 Thread 0x0000018db4e9cd00 flushing  nmethod 0x0000018da26dc710
Event: 55.368 Thread 0x0000018db4e9cd00 flushing  nmethod 0x0000018da26dca90
Event: 55.368 Thread 0x0000018db4e9cd00 flushing  nmethod 0x0000018da26ea090
Event: 55.368 Thread 0x0000018db4e9cd00 flushing  nmethod 0x0000018da2718490
Event: 55.368 Thread 0x0000018db4e9cd00 flushing  nmethod 0x0000018da2718890

Events (20 events):
Event: 2.557 Loaded shared library C:\Program Files\Android\Android Studio\jbr\bin\net.dll
Event: 2.565 Loaded shared library C:\Program Files\Android\Android Studio\jbr\bin\nio.dll
Event: 2.664 Thread 0x0000018db5072770 Thread added: 0x0000018db5270a80
Event: 2.703 Loaded shared library C:\Program Files\Android\Android Studio\jbr\bin\zip.dll
Event: 2.872 Thread 0x0000018db5270a80 Thread exited: 0x0000018db5270a80
Event: 3.205 Loaded shared library C:\Program Files\Android\Android Studio\jbr\bin\jimage.dll
Event: 3.951 Thread 0x0000018db5072770 Thread added: 0x0000018db54cc1d0
Event: 4.068 Thread 0x0000018db54cc1d0 Thread exited: 0x0000018db54cc1d0
Event: 6.162 Loaded shared library C:\Program Files\Android\Android Studio\jbr\bin\management.dll
Event: 6.194 Loaded shared library C:\Program Files\Android\Android Studio\jbr\bin\management_ext.dll
Event: 11.426 Thread 0x0000018db5075460 Thread added: 0x0000018dbaaa5cf0
Event: 12.004 Thread 0x0000018dbaaa5cf0 Thread exited: 0x0000018dbaaa5cf0
Event: 16.536 Thread 0x0000018db5075460 Thread added: 0x0000018dbebc1410
Event: 17.183 Thread 0x0000018dbebc1410 Thread exited: 0x0000018dbebc1410
Event: 17.361 Thread 0x0000018db5075460 Thread added: 0x0000018dbed5b260
Event: 18.000 Thread 0x0000018dbed5b260 Thread exited: 0x0000018dbed5b260
Event: 18.446 Thread 0x0000018db5075460 Thread added: 0x0000018dc48f0a10
Event: 18.768 Thread 0x0000018dc48f0a10 Thread exited: 0x0000018dc48f0a10
Event: 46.826 Thread 0x0000018db5075460 Thread added: 0x0000018dbf2c62f0
Event: 47.001 Thread 0x0000018dbf2c62f0 Thread exited: 0x0000018dbf2c62f0


Dynamic libraries:
0x00007ff764190000 - 0x00007ff76419a000 	C:\Program Files\Android\Android Studio\jbr\bin\java.exe
0x00007ff8bb400000 - 0x00007ff8bb667000 	C:\WINDOWS\SYSTEM32\ntdll.dll
0x00007ff8ba700000 - 0x00007ff8ba7c9000 	C:\WINDOWS\System32\KERNEL32.DLL
0x00007ff8b8250000 - 0x00007ff8b8641000 	C:\WINDOWS\System32\KERNELBASE.dll
0x00007ff8b8650000 - 0x00007ff8b879b000 	C:\WINDOWS\System32\ucrtbase.dll
0x00007ff8b5420000 - 0x00007ff8b5438000 	C:\Program Files\Android\Android Studio\jbr\bin\jli.dll
0x00007ff8b96b0000 - 0x00007ff8b9875000 	C:\WINDOWS\System32\USER32.dll
0x00007ff8b90c0000 - 0x00007ff8b90e7000 	C:\WINDOWS\System32\win32u.dll
0x00007ff8ba7d0000 - 0x00007ff8ba7fb000 	C:\WINDOWS\System32\GDI32.dll
0x00007ff8b7da0000 - 0x00007ff8b7ecb000 	C:\WINDOWS\System32\gdi32full.dll
0x00007ff8b90f0000 - 0x00007ff8b9193000 	C:\WINDOWS\System32\msvcp_win.dll
0x00007ff8a43a0000 - 0x00007ff8a43bb000 	C:\Program Files\Android\Android Studio\jbr\bin\VCRUNTIME140.dll
0x00007ff8a1970000 - 0x00007ff8a1c03000 	C:\WINDOWS\WinSxS\amd64_microsoft.windows.common-controls_6595b64144ccf1df_6.0.26100.8037_none_3e092faae333b53b\COMCTL32.dll
0x00007ff8b9880000 - 0x00007ff8b9929000 	C:\WINDOWS\System32\msvcrt.dll
0x00007ff8b95f0000 - 0x00007ff8b9621000 	C:\WINDOWS\System32\IMM32.DLL
0x00007ff8b2ae0000 - 0x00007ff8b2aec000 	C:\Program Files\Android\Android Studio\jbr\bin\vcruntime140_1.dll
0x00007ff855e90000 - 0x00007ff855f1d000 	C:\Program Files\Android\Android Studio\jbr\bin\msvcp140.dll
0x00007ff846cf0000 - 0x00007ff847986000 	C:\Program Files\Android\Android Studio\jbr\bin\server\jvm.dll
0x00007ff8bac10000 - 0x00007ff8baccb000 	C:\WINDOWS\System32\ADVAPI32.dll
0x00007ff8b9540000 - 0x00007ff8b95e7000 	C:\WINDOWS\System32\sechost.dll
0x00007ff8bacd0000 - 0x00007ff8bade8000 	C:\WINDOWS\System32\RPCRT4.dll
0x00007ff8bb190000 - 0x00007ff8bb204000 	C:\WINDOWS\System32\WS2_32.dll
0x00007ff8b7b60000 - 0x00007ff8b7bbe000 	C:\WINDOWS\SYSTEM32\POWRPROF.dll
0x00007ff8b1530000 - 0x00007ff8b1565000 	C:\WINDOWS\SYSTEM32\WINMM.dll
0x00007ff8b1570000 - 0x00007ff8b157b000 	C:\WINDOWS\SYSTEM32\VERSION.dll
0x00007ff8b7b20000 - 0x00007ff8b7b34000 	C:\WINDOWS\SYSTEM32\UMPDC.dll
0x00007ff8b6a70000 - 0x00007ff8b6a8b000 	C:\WINDOWS\SYSTEM32\kernel.appcore.dll
0x00007ff8b2930000 - 0x00007ff8b293a000 	C:\Program Files\Android\Android Studio\jbr\bin\jimage.dll
0x00007ff8ae4a0000 - 0x00007ff8ae6e2000 	C:\WINDOWS\SYSTEM32\DBGHELP.DLL
0x00007ff8bae00000 - 0x00007ff8bb182000 	C:\WINDOWS\System32\combase.dll
0x00007ff8ba810000 - 0x00007ff8ba8e7000 	C:\WINDOWS\System32\OLEAUT32.dll
0x00007ff8a09a0000 - 0x00007ff8a09db000 	C:\WINDOWS\SYSTEM32\dbgcore.DLL
0x00007ff8b9010000 - 0x00007ff8b90b5000 	C:\WINDOWS\System32\bcryptPrimitives.dll
0x00007ff8a4380000 - 0x00007ff8a43a0000 	C:\Program Files\Android\Android Studio\jbr\bin\java.dll
0x00007ff8a4340000 - 0x00007ff8a4358000 	C:\Program Files\Android\Android Studio\jbr\bin\zip.dll
0x00007ff8b9990000 - 0x00007ff8ba0ef000 	C:\WINDOWS\System32\SHELL32.dll
0x00007ff8b7ed0000 - 0x00007ff8b803a000 	C:\WINDOWS\System32\wintypes.dll
0x00007ff8b87a0000 - 0x00007ff8b9004000 	C:\WINDOWS\System32\windows.storage.dll
0x00007ff8ba120000 - 0x00007ff8ba217000 	C:\WINDOWS\System32\SHCORE.dll
0x00007ff8b91d0000 - 0x00007ff8b9237000 	C:\WINDOWS\System32\shlwapi.dll
0x00007ff8b7c00000 - 0x00007ff8b7c29000 	C:\WINDOWS\SYSTEM32\profapi.dll
0x00007ff8a4370000 - 0x00007ff8a4380000 	C:\Program Files\Android\Android Studio\jbr\bin\net.dll
0x00007ff8af180000 - 0x00007ff8af2a7000 	C:\WINDOWS\SYSTEM32\WINHTTP.dll
0x00007ff8b6fe0000 - 0x00007ff8b704b000 	C:\WINDOWS\system32\mswsock.dll
0x00007ff8a4320000 - 0x00007ff8a4336000 	C:\Program Files\Android\Android Studio\jbr\bin\nio.dll
0x00007ff8a42e0000 - 0x00007ff8a42e9000 	C:\Program Files\Android\Android Studio\jbr\bin\management.dll
0x00007ff897da0000 - 0x00007ff897dab000 	C:\Program Files\Android\Android Studio\jbr\bin\management_ext.dll
0x00007ff8bb3b0000 - 0x00007ff8bb3b8000 	C:\WINDOWS\System32\PSAPI.DLL
0x00007ff898200000 - 0x00007ff898210000 	C:\Program Files\Android\Android Studio\jbr\bin\verify.dll

JVMTI agents: none

dbghelp: loaded successfully - version: 4.0.5 - missing functions: none
symbol engine: initialized successfully - sym options: 0x614 - pdb path: .;C:\Program Files\Android\Android Studio\jbr\bin;C:\WINDOWS\SYSTEM32;C:\WINDOWS\WinSxS\amd64_microsoft.windows.common-controls_6595b64144ccf1df_6.0.26100.8037_none_3e092faae333b53b;C:\Program Files\Android\Android Studio\jbr\bin\server

VM Arguments:
java_command: org.jetbrains.kotlin.cli.jvm.K2JVMCompiler @C:\Rafid\Uji kompetensi\UKOM\aplikasi Trifhop\frontend apk\app\build\20260330_7926369356188431493.compiler.options
java_class_path (initial): C:\Users\Affan\.gradle\caches\modules-2\files-2.1\org.jetbrains.kotlin\kotlin-compiler-embeddable\2.2.10\6882d39ef03b18879c1a5d2a83c2212361bed5fe\kotlin-compiler-embeddable-2.2.10.jar;C:\Users\Affan\.gradle\caches\modules-2\files-2.1\org.jetbrains.kotlin\kotlin-stdlib\2.2.10\30de6faa127a4a012db8e71bf1b9c0a99b1402b2\kotlin-stdlib-2.2.10.jar;C:\Users\Affan\.gradle\caches\modules-2\files-2.1\org.jetbrains.kotlin\kotlin-script-runtime\2.2.10\712f9bc08f378c13a4a00f0bbb28c76e59183e83\kotlin-script-runtime-2.2.10.jar;C:\Users\Affan\.gradle\caches\modules-2\files-2.1\org.jetbrains.kotlin\kotlin-reflect\1.6.10\1cbe9c92c12a94eea200d23c2bbaedaf3daf5132\kotlin-reflect-1.6.10.jar;C:\Users\Affan\.gradle\caches\modules-2\files-2.1\org.jetbrains.kotlin\kotlin-daemon-embeddable\2.2.10\212fd3c2c6e4e5d0f4db3c4191233e2b622380cc\kotlin-daemon-embeddable-2.2.10.jar;C:\Users\Affan\.gradle\caches\modules-2\files-2.1\org.jetbrains.kotlinx\kotlinx-coroutines-core-jvm\1.8.0\ac1dc37a30a93150b704022f8d895ee1bd3a36b3\kotlinx-coroutines-core-jvm-1.8.0.jar;C:\Users\Affan\.gradle\caches\modules-2\files-2.1\org.jetbrains\annotations\13.0\919f0dfe192fb4e063e7dacadee7f8bb9a2672a9\annotations-13.0.jar
Launcher Type: SUN_STANDARD

[Global flags]
     intx CICompilerCount                          = 3                                         {product} {ergonomic}
     uint ConcGCThreads                            = 1                                         {product} {ergonomic}
     uint G1ConcRefinementThreads                  = 4                                         {product} {ergonomic}
   size_t G1HeapRegionSize                         = 1048576                                   {product} {ergonomic}
    uintx GCDrainStackTargetSize                   = 64                                        {product} {ergonomic}
   size_t InitialHeapSize                          = 100663296                                 {product} {ergonomic}
   size_t MarkStackSize                            = 4194304                                   {product} {ergonomic}
   size_t MaxHeapSize                              = 1589641216                                {product} {ergonomic}
   size_t MaxNewSize                               = 953155584                                 {product} {ergonomic}
   size_t MinHeapDeltaBytes                        = 1048576                                   {product} {ergonomic}
   size_t MinHeapSize                              = 8388608                                   {product} {ergonomic}
    uintx NonNMethodCodeHeapSize                   = 5832780                                {pd product} {ergonomic}
    uintx NonProfiledCodeHeapSize                  = 122912730                              {pd product} {ergonomic}
    uintx ProfiledCodeHeapSize                     = 122912730                              {pd product} {ergonomic}
    uintx ReservedCodeCacheSize                    = 251658240                              {pd product} {ergonomic}
     bool SegmentedCodeCache                       = true                                      {product} {ergonomic}
   size_t SoftMaxHeapSize                          = 1589641216                             {manageable} {ergonomic}
     bool UseCompressedOops                        = true                           {product lp64_product} {ergonomic}
     bool UseG1GC                                  = true                                      {product} {ergonomic}
     bool UseLargePagesIndividualAllocation        = false                                  {pd product} {ergonomic}

Logging:
Log output configuration:
 #0: stdout all=warning uptime,level,tags foldmultilines=false
 #1: stderr all=off uptime,level,tags foldmultilines=false

Environment Variables:
PATH=C:\Program Files\Common Files\Oracle\Java\javapath;C:\Python313\Scripts\;C:\Python313\;C:\Program Files (x86)\Common Files\Intel\Shared Files\cpp\bin\Intel64;C:\WINDOWS\system32;C:\WINDOWS;C:\WINDOWS\System32\Wbem;C:\WINDOWS\System32\WindowsPowerShell\v1.0\;C:\WINDOWS\System32\OpenSSH\;C:\Rafid\Kelas_10\xamp\php;C:\ProgramData\ComposerSetup\bin;C:\Rafid\xampp\php;C:\ProgramData\chocolatey\bin;C:\Program Files\nodejs\;C:\Program Files\Git\cmd;C:\Users\Affan\AppData\Local\Microsoft\WindowsApps;C:\Users\Affan\AppData\Roaming\Composer\vendor\bin;C:\Users\Affan\AppData\Roaming\npm;C:\Users\Affan\AppData\Local\Programs\Microsoft VS Code\bin
USERNAME=sakhabum
OS=Windows_NT
PROCESSOR_IDENTIFIER=AMD64 Family 23 Model 24 Stepping 1, AuthenticAMD
TMP=C:\Users\Affan\AppData\Local\Temp
TEMP=C:\Users\Affan\AppData\Local\Temp




Periodic native trim disabled

JNI global refs:
JNI global refs: 10, weak refs: 8

JNI global refs memory usage: 835, weak refs: 833

Process memory usage:
Resident Set Size: 386092K (6% of 6205176K total physical memory with 300552K free physical memory)

OOME stack traces (most recent first):
Classloader memory used:
Loader jdk.internal.loader.ClassLoaders$AppClassLoader                                 : 53101K
Loader bootstrap                                                                       : 11845K
Loader jdk.internal.jrtfs.JrtFileSystemProvider$JrtFsLoader                            : 327K
Loader java.net.URLClassLoader                                                         : 274K
Loader jdk.internal.loader.ClassLoaders$PlatformClassLoader                            : 67880B

Classes loaded by more than one classloader:
Class jdk.internal.jimage.BasicImageReader                                            : loaded 2 times (x 95B)
Class jdk.internal.jimage.decompressor.StringSharingDecompressorFactory               : loaded 2 times (x 74B)
Class jdk.internal.jrtfs.JrtFileSystemProvider                                        : loaded 2 times (x 101B)
Class jdk.internal.jimage.ImageLocation                                               : loaded 2 times (x 90B)
Class jdk.internal.jimage.ImageBufferCache$1                                          : loaded 2 times (x 83B)
Class jdk.internal.jimage.ImageBufferCache$2                                          : loaded 2 times (x 91B)
Class jdk.internal.jimage.ImageHeader                                                 : loaded 2 times (x 71B)
Class jdk.internal.jimage.decompressor.ResourceDecompressor                           : loaded 2 times (x 70B)
Class jdk.internal.jimage.ImageStringsReader                                          : loaded 2 times (x 80B)
Class jdk.internal.jimage.ImageReader                                                 : loaded 2 times (x 75B)
Class jdk.internal.jimage.ImageReader$SharedImageReader                               : loaded 2 times (x 95B)
Class jdk.internal.jimage.decompressor.ResourceDecompressorFactory                    : loaded 2 times (x 74B)
Class jdk.internal.jimage.ImageReader$Node                                            : loaded 2 times (x 84B)
Class jdk.internal.jimage.BasicImageReader$1                                          : loaded 2 times (x 77B)
Class jdk.internal.jimage.decompressor.Decompressor                                   : loaded 2 times (x 72B)
Class jdk.internal.jimage.ImageBufferCache                                            : loaded 2 times (x 71B)
Class jdk.internal.jrtfs.JrtPath                                                      : loaded 2 times (x 118B)
Class jdk.internal.jimage.decompressor.ResourceDecompressorRepository                 : loaded 2 times (x 71B)
Class jdk.internal.jimage.ImageReader$Directory                                       : loaded 2 times (x 84B)
Class jdk.internal.jimage.decompressor.ZipDecompressorFactory                         : loaded 2 times (x 74B)
Class jdk.internal.jimage.decompressor.ZipDecompressor                                : loaded 2 times (x 75B)
Class jdk.internal.jimage.ImageStrings                                                : loaded 2 times (x 70B)
Class jdk.internal.jrtfs.JrtFileSystem                                                : loaded 2 times (x 102B)
Class jdk.internal.jimage.decompressor.CompressedResourceHeader                       : loaded 2 times (x 71B)
Class jdk.internal.jimage.decompressor.ResourceDecompressor$StringsProvider           : loaded 2 times (x 70B)

---------------  S Y S T E M  ---------------

OS:
 Windows 11 , 64 bit Build 26100 (10.0.26100.7920)
OS uptime: 0 days 5:07 hours

CPU: total 4 (initial active 4) (4 cores per cpu, 2 threads per core) family 23 model 24 stepping 1 microcode 0x8108109, cx8, cmov, fxsr, ht, mmx, 3dnowpref, sse, sse2, sse3, ssse3, sse4a, sse4.1, sse4.2, popcnt, lzcnt, tsc, tscinvbit, avx, avx2, aes, clmul, bmi1, bmi2, adx, sha, fma, vzeroupper, clflush, clflushopt, rdtscp, f16c
Processor Information for the first 4 processors :
  Max Mhz: 2400, Current Mhz: 2400, Mhz Limit: 2400

Memory: 4k page, system-wide physical 6059M (294M free)
TotalPageFile size 24491M (AvailPageFile size 9M)
current process WorkingSet (physical memory assigned to process): 377M, peak: 392M
current process commit charge ("private bytes"): 474M, peak: 477M

vm_info: OpenJDK 64-Bit Server VM (21.0.8+-14196175-b1038.72) for windows-amd64 JRE (21.0.8+-14196175-b1038.72), built on 2025-10-01T10:24:33Z by "builder" with MS VC++ 16.10 / 16.11 (VS2019)

END.
