To honour the JVM settings for this build a single-use Daemon process will be forked. For more on this, please refer to https://docs.gradle.org/9.1.0/userguide/gradle_daemon.html#sec:disabling_the_daemon in the Gradle documentation.
Daemon will be stopped at the end of the build 
> Task :app:preBuild UP-TO-DATE
> Task :app:preDebugBuild UP-TO-DATE
> Task :app:generateDebugResources UP-TO-DATE
> Task :app:packageDebugResources UP-TO-DATE
> Task :app:processDebugNavigationResources UP-TO-DATE
> Task :app:parseDebugLocalResources UP-TO-DATE
> Task :app:generateDebugRFile UP-TO-DATE
> Task :app:compileDebugKotlin
.\gradlew.bat : e: file:///C:/Rafid/Uji%20kompetensi/UKOM/aplikasi%20Trifhop/fro
ntend%20apk/app/src/main/java/com/example/trifhop/ui/components/CommonComponents
.kt:147:29 Unresolved reference 'painterResource'.
At line:1 char:66
+ ... ntend apk"; .\gradlew.bat compileDebugKotlin --no-daemon --stacktrace ...
+                 ~~~~~~~~~~~~~~~~~~~~~~~~~~~~~~~~~~~~~~~~~~~~~~~~~~~~~~~~~
    + CategoryInfo          : NotSpecified: (e: file:///C:/R...interResource'.: 
   String) [], RemoteException
    + FullyQualifiedErrorId : NativeCommandError
 
e: file:///C:/Rafid/Uji%20kompetensi/UKOM/aplikasi%20Trifhop/frontend%20apk/app/
src/main/java/com/example/trifhop/ui/components/CommonComponents.kt:148:35 
Unresolved reference 'painterResource'.
e: file:///C:/Rafid/Uji%20kompetensi/UKOM/aplikasi%20Trifhop/frontend%20apk/app/
src/main/java/com/example/trifhop/ui/components/CommonComponents.kt:152:17 'if' 
must have both main and 'else' branches when used as an expression.
e: file:///C:/Rafid/Uji%20kompetensi/UKOM/aplikasi%20Trifhop/frontend%20apk/app/
src/main/java/com/example/trifhop/ui/components/CommonComponents.kt:152:17 
Unresolved reference 'invoke'.
e: file:///C:/Rafid/Uji%20kompetensi/UKOM/aplikasi%20Trifhop/frontend%20apk/app/
src/main/java/com/example/trifhop/ui/components/CommonComponents.kt:171:20 
Unresolved reference 'will'.
e: file:///C:/Rafid/Uji%20kompetensi/UKOM/aplikasi%20Trifhop/frontend%20apk/app/
src/main/java/com/example/trifhop/ui/components/CommonComponents.kt:171:28 
Unresolved reference 'added'.
e: file:///C:/Rafid/Uji%20kompetensi/UKOM/aplikasi%20Trifhop/frontend%20apk/app/
src/main/java/com/example/trifhop/ui/components/CommonComponents.kt:171:37 
Unresolved reference 'parent'.
e: file:///C:/Rafid/Uji%20kompetensi/UKOM/aplikasi%20Trifhop/frontend%20apk/app/
src/main/java/com/example/trifhop/ui/components/CommonComponents.kt:171:55 'if' 
must have both main and 'else' branches when used as an expression.
e: file:///C:/Rafid/Uji%20kompetensi/UKOM/aplikasi%20Trifhop/frontend%20apk/app/
src/main/java/com/example/trifhop/ui/components/CommonComponents.kt:171:57 
Syntax error: Expecting a condition in parentheses '(...)'.
e: file:///C:/Rafid/Uji%20kompetensi/UKOM/aplikasi%20Trifhop/frontend%20apk/app/
src/main/java/com/example/trifhop/ui/components/CommonComponents.kt:171:58 
Unresolved reference 'needed'.
e: file:///C:/Rafid/Uji%20kompetensi/UKOM/aplikasi%20Trifhop/frontend%20apk/app/
src/main/java/com/example/trifhop/ui/screens/ExploreScreen.kt:135:55 Syntax 
error: Expecting '"'.
e: file:///C:/Rafid/Uji%20kompetensi/UKOM/aplikasi%20Trifhop/frontend%20apk/app/
src/main/java/com/example/trifhop/ui/screens/ExploreScreen.kt:136:29 Unresolved 
reference 'tint'.
e: file:///C:/Rafid/Uji%20kompetensi/UKOM/aplikasi%20Trifhop/frontend%20apk/app/
src/main/java/com/example/trifhop/ui/screens/ExploreScreen.kt:136:34 Syntax 
error: Expecting an element.
e: file:///C:/Rafid/Uji%20kompetensi/UKOM/aplikasi%20Trifhop/frontend%20apk/app/
src/main/java/com/example/trifhop/ui/screens/ExploreScreen.kt:136:41 Syntax 
error: Expecting an element.
e: file:///C:/Rafid/Uji%20kompetensi/UKOM/aplikasi%20Trifhop/frontend%20apk/app/
src/main/java/com/example/trifhop/ui/screens/ExploreScreen.kt:136:47 Syntax 
error: Expecting an element.
e: file:///C:/Rafid/Uji%20kompetensi/UKOM/aplikasi%20Trifhop/frontend%20apk/app/
src/main/java/com/example/trifhop/ui/screens/ExploreScreen.kt:550:9 Syntax 
error: Expecting a top level declaration.
e: file:///C:/Rafid/Uji%20kompetensi/UKOM/aplikasi%20Trifhop/frontend%20apk/app/
src/main/java/com/example/trifhop/ui/screens/ExploreScreen.kt:550:12 Syntax 
error: Expecting a top level declaration.
e: file:///C:/Rafid/Uji%20kompetensi/UKOM/aplikasi%20Trifhop/frontend%20apk/app/
src/main/java/com/example/trifhop/ui/screens/ExploreScreen.kt:550:13 Syntax 
error: Expecting a top level declaration.
e: file:///C:/Rafid/Uji%20kompetensi/UKOM/aplikasi%20Trifhop/frontend%20apk/app/
src/main/java/com/example/trifhop/ui/screens/ExploreScreen.kt:550:27 Syntax 
error: Expecting a top level declaration.
e: file:///C:/Rafid/Uji%20kompetensi/UKOM/aplikasi%20Trifhop/frontend%20apk/app/
src/main/java/com/example/trifhop/ui/screens/ExploreScreen.kt:550:29 Syntax 
error: Expecting a top level declaration.
e: file:///C:/Rafid/Uji%20kompetensi/UKOM/aplikasi%20Trifhop/frontend%20apk/app/
src/main/java/com/example/trifhop/ui/screens/ExploreScreen.kt:550:29 Functions 
which invoke @Composable functions must be marked with the @Composable 
annotation
e: file:///C:/Rafid/Uji%20kompetensi/UKOM/aplikasi%20Trifhop/frontend%20apk/app/
src/main/java/com/example/trifhop/ui/screens/ExploreScreen.kt:550:29 Function 
declaration must have a name.
e: file:///C:/Rafid/Uji%20kompetensi/UKOM/aplikasi%20Trifhop/frontend%20apk/app/
src/main/java/com/example/trifhop/ui/screens/ExploreScreen.kt:551:13 
@Composable invocations can only happen from the context of a @Composable 
function
e: file:///C:/Rafid/Uji%20kompetensi/UKOM/aplikasi%20Trifhop/frontend%20apk/app/
src/main/java/com/example/trifhop/ui/screens/ExploreScreen.kt:552:38 Unresolved 
reference 'showSortDialog'.
e: file:///C:/Rafid/Uji%20kompetensi/UKOM/aplikasi%20Trifhop/frontend%20apk/app/
src/main/java/com/example/trifhop/ui/screens/ExploreScreen.kt:576:45 Unresolved 
reference 'selectedSort'.
e: file:///C:/Rafid/Uji%20kompetensi/UKOM/aplikasi%20Trifhop/frontend%20apk/app/
src/main/java/com/example/trifhop/ui/screens/ExploreScreen.kt:579:38 Unresolved 
reference 'clickable'.
e: file:///C:/Rafid/Uji%20kompetensi/UKOM/aplikasi%20Trifhop/frontend%20apk/app/
src/main/java/com/example/trifhop/ui/screens/ExploreScreen.kt:580:41 Unresolved 
reference 'selectedSort'.
e: file:///C:/Rafid/Uji%20kompetensi/UKOM/aplikasi%20Trifhop/frontend%20apk/app/
src/main/java/com/example/trifhop/ui/screens/ExploreScreen.kt:581:41 Unresolved 
reference 'showSortDialog'.
e: file:///C:/Rafid/Uji%20kompetensi/UKOM/aplikasi%20Trifhop/frontend%20apk/app/
src/main/java/com/example/trifhop/ui/screens/ExploreScreen.kt:587:48 Unresolved 
reference 'selectedSort'.
e: file:///C:/Rafid/Uji%20kompetensi/UKOM/aplikasi%20Trifhop/frontend%20apk/app/
src/main/java/com/example/trifhop/ui/screens/ExploreScreen.kt:597:49 Unresolved 
reference 'selectedSort'.
e: file:///C:/Rafid/Uji%20kompetensi/UKOM/aplikasi%20Trifhop/frontend%20apk/app/
src/main/java/com/example/trifhop/ui/screens/ExploreScreen.kt:604:44 Unresolved 
reference 'showSortDialog'.
e: file:///C:/Rafid/Uji%20kompetensi/UKOM/aplikasi%20Trifhop/frontend%20apk/app/
src/main/java/com/example/trifhop/ui/screens/ExploreScreen.kt:612:5 Syntax 
error: Expecting a top level declaration.
e: file:///C:/Rafid/Uji%20kompetensi/UKOM/aplikasi%20Trifhop/frontend%20apk/app/
src/main/java/com/example/trifhop/ui/screens/ExploreScreen.kt:613:1 Syntax 
error: Expecting a top level declaration.

> Task :app:compileDebugKotlin FAILED

FAILURE: Build failed with an exception.

* What went wrong:
Execution failed for task ':app:compileDebugKotlin'.
> A failure occurred while executing org.jetbrains.kotlin.compilerRunner.GradleC
ompilerRunnerWithWorkers$GradleKotlinCompilerWorkAction
   > Compilation error. See log for more details

* Try:
> Run with --info or --debug option to get more log output.
> Run with --scan to generate a Build Scan (Powered by Develocity).
> Get more help at https://help.gradle.org.

* Exception is:
org.gradle.api.tasks.TaskExecutionException: Execution failed for task 
':app:compileDebugKotlin'.
	at org.gradle.api.internal.tasks.execution.ExecuteActionsTaskExecuter.lambda$ex
ecuteIfValid$1(ExecuteActionsTaskExecuter.java:135)
	at org.gradle.internal.Try$Failure.ifSuccessfulOrElse(Try.java:288)
	at org.gradle.api.internal.tasks.execution.ExecuteActionsTaskExecuter.executeIf
Valid(ExecuteActionsTaskExecuter.java:133)
	at org.gradle.api.internal.tasks.execution.ExecuteActionsTaskExecuter.execute(E
xecuteActionsTaskExecuter.java:121)
	at org.gradle.api.internal.tasks.execution.ProblemsTaskPathTrackingTaskExecuter
.execute(ProblemsTaskPathTrackingTaskExecuter.java:41)
	at org.gradle.api.internal.tasks.execution.FinalizePropertiesTaskExecuter.execu
te(FinalizePropertiesTaskExecuter.java:46)
	at org.gradle.api.internal.tasks.execution.ResolveTaskExecutionModeExecuter.exe
cute(ResolveTaskExecutionModeExecuter.java:51)
	at org.gradle.api.internal.tasks.execution.SkipTaskWithNoActionsExecuter.execut
e(SkipTaskWithNoActionsExecuter.java:57)
	at org.gradle.api.internal.tasks.execution.SkipOnlyIfTaskExecuter.execute(SkipO
nlyIfTaskExecuter.java:74)
	at org.gradle.api.internal.tasks.execution.CatchExceptionTaskExecuter.execute(C
atchExceptionTaskExecuter.java:36)
	at org.gradle.api.internal.tasks.execution.EventFiringTaskExecuter$1.executeTas
k(EventFiringTaskExecuter.java:77)
	at org.gradle.api.internal.tasks.execution.EventFiringTaskExecuter$1.call(Event
FiringTaskExecuter.java:55)
	at org.gradle.api.internal.tasks.execution.EventFiringTaskExecuter$1.call(Event
FiringTaskExecuter.java:52)
	at org.gradle.internal.operations.DefaultBuildOperationRunner$CallableBuildOper
ationWorker.execute(DefaultBuildOperationRunner.java:209)
	at org.gradle.internal.operations.DefaultBuildOperationRunner$CallableBuildOper
ationWorker.execute(DefaultBuildOperationRunner.java:204)
	at org.gradle.internal.operations.DefaultBuildOperationRunner$2.execute(Default
BuildOperationRunner.java:66)
	at org.gradle.internal.operations.DefaultBuildOperationRunner$2.execute(Default
BuildOperationRunner.java:59)
	at org.gradle.internal.operations.DefaultBuildOperationRunner.execute(DefaultBu
ildOperationRunner.java:166)
	at org.gradle.internal.operations.DefaultBuildOperationRunner.execute(DefaultBu
ildOperationRunner.java:59)
	at org.gradle.internal.operations.DefaultBuildOperationRunner.call(DefaultBuild
OperationRunner.java:53)
	at org.gradle.api.internal.tasks.execution.EventFiringTaskExecuter.execute(Even
tFiringTaskExecuter.java:52)
	at org.gradle.execution.plan.LocalTaskNodeExecutor.execute(LocalTaskNodeExecuto
r.java:45)
	at org.gradle.execution.taskgraph.DefaultTaskExecutionGraph$InvokeNodeExecutors
Action.execute(DefaultTaskExecutionGraph.java:355)
	at org.gradle.execution.taskgraph.DefaultTaskExecutionGraph$InvokeNodeExecutors
Action.execute(DefaultTaskExecutionGraph.java:342)
	at org.gradle.execution.taskgraph.DefaultTaskExecutionGraph$BuildOperationAware
ExecutionAction.lambda$execute$0(DefaultTaskExecutionGraph.java:338)
	at org.gradle.internal.operations.CurrentBuildOperationRef.with(CurrentBuildOpe
rationRef.java:84)
	at org.gradle.execution.taskgraph.DefaultTaskExecutionGraph$BuildOperationAware
ExecutionAction.execute(DefaultTaskExecutionGraph.java:338)
	at org.gradle.execution.taskgraph.DefaultTaskExecutionGraph$BuildOperationAware
ExecutionAction.execute(DefaultTaskExecutionGraph.java:327)
	at org.gradle.execution.plan.DefaultPlanExecutor$ExecutorWorker.execute(Default
PlanExecutor.java:459)
	at org.gradle.execution.plan.DefaultPlanExecutor$ExecutorWorker.run(DefaultPlan
Executor.java:376)
	at org.gradle.internal.concurrent.ExecutorPolicy$CatchAndRecordFailures.onExecu
te(ExecutorPolicy.java:64)
	at org.gradle.internal.concurrent.AbstractManagedExecutor$1.run(AbstractManaged
Executor.java:47)
Caused by: 
org.gradle.workers.internal.DefaultWorkerExecutor$WorkExecutionException: A 
failure occurred while executing org.jetbrains.kotlin.compilerRunner.GradleCompi
lerRunnerWithWorkers$GradleKotlinCompilerWorkAction
	at org.gradle.workers.internal.DefaultWorkerExecutor$WorkItemExecution.waitForC
ompletion(DefaultWorkerExecutor.java:289)
	at org.gradle.internal.work.DefaultAsyncWorkTracker.lambda$waitForItemsAndGathe
rFailures$2(DefaultAsyncWorkTracker.java:130)
	at org.gradle.internal.Factories$1.create(Factories.java:31)
	at org.gradle.internal.work.DefaultWorkerLeaseService.withoutLocks(DefaultWorke
rLeaseService.java:335)
	at org.gradle.internal.work.DefaultWorkerLeaseService.withoutLocks(DefaultWorke
rLeaseService.java:318)
	at org.gradle.internal.work.DefaultWorkerLeaseService.withoutLock(DefaultWorker
LeaseService.java:323)
	at org.gradle.internal.work.DefaultAsyncWorkTracker.waitForItemsAndGatherFailur
es(DefaultAsyncWorkTracker.java:126)
	at org.gradle.internal.work.DefaultAsyncWorkTracker.waitForItemsAndGatherFailur
es(DefaultAsyncWorkTracker.java:92)
	at org.gradle.internal.work.DefaultAsyncWorkTracker.waitForAll(DefaultAsyncWork
Tracker.java:78)
	at org.gradle.internal.work.DefaultAsyncWorkTracker.waitForCompletion(DefaultAs
yncWorkTracker.java:66)
	at org.gradle.api.internal.tasks.execution.TaskExecution$3.run(TaskExecution.ja
va:260)
	at org.gradle.internal.operations.DefaultBuildOperationRunner$1.execute(Default
BuildOperationRunner.java:29)
	at org.gradle.internal.operations.DefaultBuildOperationRunner$1.execute(Default
BuildOperationRunner.java:26)
	at org.gradle.internal.operations.DefaultBuildOperationRunner$2.execute(Default
BuildOperationRunner.java:66)
	at org.gradle.internal.operations.DefaultBuildOperationRunner$2.execute(Default
BuildOperationRunner.java:59)
	at org.gradle.internal.operations.DefaultBuildOperationRunner.execute(DefaultBu
ildOperationRunner.java:166)
	at org.gradle.internal.operations.DefaultBuildOperationRunner.execute(DefaultBu
ildOperationRunner.java:59)
	at org.gradle.internal.operations.DefaultBuildOperationRunner.run(DefaultBuildO
perationRunner.java:47)
	at org.gradle.api.internal.tasks.execution.TaskExecution.executeAction(TaskExec
ution.java:237)
	at org.gradle.api.internal.tasks.execution.TaskExecution.executeActions(TaskExe
cution.java:220)
	at org.gradle.api.internal.tasks.execution.TaskExecution.executeWithPreviousOut
putFiles(TaskExecution.java:203)
	at org.gradle.api.internal.tasks.execution.TaskExecution.execute(TaskExecution.
java:170)
	at org.gradle.internal.execution.steps.ExecuteStep.executeInternal(ExecuteStep.
java:105)
	at 
org.gradle.internal.execution.steps.ExecuteStep.access$000(ExecuteStep.java:44)
	at org.gradle.internal.execution.steps.ExecuteStep$1.call(ExecuteStep.java:59)
	at org.gradle.internal.execution.steps.ExecuteStep$1.call(ExecuteStep.java:56)
	at org.gradle.internal.operations.DefaultBuildOperationRunner$CallableBuildOper
ationWorker.execute(DefaultBuildOperationRunner.java:209)
	at org.gradle.internal.operations.DefaultBuildOperationRunner$CallableBuildOper
ationWorker.execute(DefaultBuildOperationRunner.java:204)
	at org.gradle.internal.operations.DefaultBuildOperationRunner$2.execute(Default
BuildOperationRunner.java:66)
	at org.gradle.internal.operations.DefaultBuildOperationRunner$2.execute(Default
BuildOperationRunner.java:59)
	at org.gradle.internal.operations.DefaultBuildOperationRunner.execute(DefaultBu
ildOperationRunner.java:166)
	at org.gradle.internal.operations.DefaultBuildOperationRunner.execute(DefaultBu
ildOperationRunner.java:59)
	at org.gradle.internal.operations.DefaultBuildOperationRunner.call(DefaultBuild
OperationRunner.java:53)
	at org.gradle.internal.execution.steps.ExecuteStep.execute(ExecuteStep.java:56)
	at org.gradle.internal.execution.steps.ExecuteStep.execute(ExecuteStep.java:44)
	at org.gradle.internal.execution.steps.CancelExecutionStep.execute(CancelExecut
ionStep.java:42)
	at org.gradle.internal.execution.steps.TimeoutStep.executeWithoutTimeout(Timeou
tStep.java:75)
	at org.gradle.internal.execution.steps.TimeoutStep.execute(TimeoutStep.java:55)
	at org.gradle.internal.execution.steps.PreCreateOutputParentsStep.execute(PreCr
eateOutputParentsStep.java:50)
	at org.gradle.internal.execution.steps.PreCreateOutputParentsStep.execute(PreCr
eateOutputParentsStep.java:28)
	at org.gradle.internal.execution.steps.RemovePreviousOutputsStep.execute(Remove
PreviousOutputsStep.java:68)
	at org.gradle.internal.execution.steps.RemovePreviousOutputsStep.execute(Remove
PreviousOutputsStep.java:38)
	at org.gradle.internal.execution.steps.BroadcastChangingOutputsStep.execute(Bro
adcastChangingOutputsStep.java:61)
	at org.gradle.internal.execution.steps.BroadcastChangingOutputsStep.execute(Bro
adcastChangingOutputsStep.java:26)
	at org.gradle.internal.execution.steps.CaptureOutputsAfterExecutionStep.execute
(CaptureOutputsAfterExecutionStep.java:69)
	at org.gradle.internal.execution.steps.CaptureOutputsAfterExecutionStep.execute
(CaptureOutputsAfterExecutionStep.java:46)
	at org.gradle.internal.execution.steps.ResolveInputChangesStep.execute(ResolveI
nputChangesStep.java:39)
	at org.gradle.internal.execution.steps.ResolveInputChangesStep.execute(ResolveI
nputChangesStep.java:28)
	at org.gradle.internal.execution.steps.BuildCacheStep.executeWithoutCache(Build
CacheStep.java:189)
	at org.gradle.internal.execution.steps.BuildCacheStep.lambda$execute$1(BuildCac
heStep.java:75)
	at org.gradle.internal.Either$Right.fold(Either.java:176)
	at 
org.gradle.internal.execution.caching.CachingState.fold(CachingState.java:62)
	at org.gradle.internal.execution.steps.BuildCacheStep.execute(BuildCacheStep.ja
va:73)
	at org.gradle.internal.execution.steps.BuildCacheStep.execute(BuildCacheStep.ja
va:48)
	at org.gradle.internal.execution.steps.StoreExecutionStateStep.execute(StoreExe
cutionStateStep.java:46)
	at org.gradle.internal.execution.steps.StoreExecutionStateStep.execute(StoreExe
cutionStateStep.java:35)
	at org.gradle.internal.execution.steps.SkipUpToDateStep.executeBecause(SkipUpTo
DateStep.java:75)
	at org.gradle.internal.execution.steps.SkipUpToDateStep.lambda$execute$2(SkipUp
ToDateStep.java:53)
	at org.gradle.internal.execution.steps.SkipUpToDateStep.execute(SkipUpToDateSte
p.java:53)
	at org.gradle.internal.execution.steps.SkipUpToDateStep.execute(SkipUpToDateSte
p.java:35)
	at org.gradle.internal.execution.steps.legacy.MarkSnapshottingInputsFinishedSte
p.execute(MarkSnapshottingInputsFinishedStep.java:37)
	at org.gradle.internal.execution.steps.legacy.MarkSnapshottingInputsFinishedSte
p.execute(MarkSnapshottingInputsFinishedStep.java:27)
	at org.gradle.internal.execution.steps.ResolveIncrementalCachingStateStep.execu
teDelegate(ResolveIncrementalCachingStateStep.java:49)
	at org.gradle.internal.execution.steps.ResolveIncrementalCachingStateStep.execu
teDelegate(ResolveIncrementalCachingStateStep.java:27)
	at org.gradle.internal.execution.steps.AbstractResolveCachingStateStep.execute(
AbstractResolveCachingStateStep.java:71)
	at org.gradle.internal.execution.steps.AbstractResolveCachingStateStep.execute(
AbstractResolveCachingStateStep.java:39)
	at org.gradle.internal.execution.steps.ResolveChangesStep.execute(ResolveChange
sStep.java:64)
	at org.gradle.internal.execution.steps.ResolveChangesStep.execute(ResolveChange
sStep.java:35)
	at 
org.gradle.internal.execution.steps.ValidateStep.execute(ValidateStep.java:62)
	at 
org.gradle.internal.execution.steps.ValidateStep.execute(ValidateStep.java:40)
	at org.gradle.internal.execution.steps.AbstractCaptureStateBeforeExecutionStep.
execute(AbstractCaptureStateBeforeExecutionStep.java:76)
	at org.gradle.internal.execution.steps.AbstractCaptureStateBeforeExecutionStep.
execute(AbstractCaptureStateBeforeExecutionStep.java:45)
	at org.gradle.internal.execution.steps.AbstractSkipEmptyWorkStep.executeWithNon
EmptySources(AbstractSkipEmptyWorkStep.java:136)
	at org.gradle.internal.execution.steps.AbstractSkipEmptyWorkStep.execute(Abstra
ctSkipEmptyWorkStep.java:66)
	at org.gradle.internal.execution.steps.AbstractSkipEmptyWorkStep.execute(Abstra
ctSkipEmptyWorkStep.java:38)
	at org.gradle.internal.execution.steps.legacy.MarkSnapshottingInputsStartedStep
.execute(MarkSnapshottingInputsStartedStep.java:38)
	at org.gradle.internal.execution.steps.LoadPreviousExecutionStateStep.execute(L
oadPreviousExecutionStateStep.java:36)
	at org.gradle.internal.execution.steps.LoadPreviousExecutionStateStep.execute(L
oadPreviousExecutionStateStep.java:23)
	at org.gradle.internal.execution.steps.HandleStaleOutputsStep.execute(HandleSta
leOutputsStep.java:75)
	at org.gradle.internal.execution.steps.HandleStaleOutputsStep.execute(HandleSta
leOutputsStep.java:41)
	at org.gradle.internal.execution.steps.AssignMutableWorkspaceStep.lambda$execut
e$0(AssignMutableWorkspaceStep.java:35)
	at org.gradle.api.internal.tasks.execution.TaskExecution$4.withWorkspace(TaskEx
ecution.java:297)
	at org.gradle.internal.execution.steps.AssignMutableWorkspaceStep.execute(Assig
nMutableWorkspaceStep.java:31)
	at org.gradle.internal.execution.steps.AssignMutableWorkspaceStep.execute(Assig
nMutableWorkspaceStep.java:22)
	at org.gradle.internal.execution.steps.ChoosePipelineStep.execute(ChoosePipelin
eStep.java:40)
	at org.gradle.internal.execution.steps.ChoosePipelineStep.execute(ChoosePipelin
eStep.java:23)
	at org.gradle.internal.execution.steps.ExecuteWorkBuildOperationFiringStep.lamb
da$execute$2(ExecuteWorkBuildOperationFiringStep.java:67)
	at org.gradle.internal.execution.steps.ExecuteWorkBuildOperationFiringStep.exec
ute(ExecuteWorkBuildOperationFiringStep.java:67)
	at org.gradle.internal.execution.steps.ExecuteWorkBuildOperationFiringStep.exec
ute(ExecuteWorkBuildOperationFiringStep.java:39)
	at org.gradle.internal.execution.steps.IdentityCacheStep.execute(IdentityCacheS
tep.java:46)
	at org.gradle.internal.execution.steps.IdentityCacheStep.execute(IdentityCacheS
tep.java:34)
	at 
org.gradle.internal.execution.steps.IdentifyStep.execute(IdentifyStep.java:47)
	at 
org.gradle.internal.execution.steps.IdentifyStep.execute(IdentifyStep.java:34)
	at org.gradle.internal.execution.impl.DefaultExecutionEngine$1.execute(DefaultE
xecutionEngine.java:64)
	at org.gradle.api.internal.tasks.execution.ExecuteActionsTaskExecuter.executeIf
Valid(ExecuteActionsTaskExecuter.java:132)
	... 29 more
Caused by: org.jetbrains.kotlin.gradle.tasks.CompilationErrorException: 
Compilation error. See log for more details
	at org.jetbrains.kotlin.gradle.tasks.TasksUtilsKt.throwExceptionIfCompilationFa
iled(tasksUtils.kt:21)
	at org.jetbrains.kotlin.compilerRunner.GradleKotlinCompilerWork.run(GradleKotli
nCompilerWork.kt:119)
	at org.jetbrains.kotlin.compilerRunner.GradleCompilerRunnerWithWorkers$GradleKo
tlinCompilerWorkAction.execute(GradleCompilerRunnerWithWorkers.kt:74)
	at org.gradle.workers.internal.DefaultWorkerServer.execute(DefaultWorkerServer.
java:68)
	at org.gradle.workers.internal.NoIsolationWorkerFactory$1$1.create(NoIsolationW
orkerFactory.java:66)
	at org.gradle.workers.internal.NoIsolationWorkerFactory$1$1.create(NoIsolationW
orkerFactory.java:62)
	at org.gradle.internal.classloader.ClassLoaderUtils.executeInClassloader(ClassL
oaderUtils.java:100)
	at org.gradle.workers.internal.NoIsolationWorkerFactory$1.lambda$execute$0(NoIs
olationWorkerFactory.java:62)
	at org.gradle.workers.internal.AbstractWorker$1.call(AbstractWorker.java:44)
	at org.gradle.workers.internal.AbstractWorker$1.call(AbstractWorker.java:41)
	at org.gradle.internal.operations.DefaultBuildOperationRunner$CallableBuildOper
ationWorker.execute(DefaultBuildOperationRunner.java:209)
	at org.gradle.internal.operations.DefaultBuildOperationRunner$CallableBuildOper
ationWorker.execute(DefaultBuildOperationRunner.java:204)
	at org.gradle.internal.operations.DefaultBuildOperationRunner$2.execute(Default
BuildOperationRunner.java:66)
	at org.gradle.internal.operations.DefaultBuildOperationRunner$2.execute(Default
BuildOperationRunner.java:59)
	at org.gradle.internal.operations.DefaultBuildOperationRunner.execute(DefaultBu
ildOperationRunner.java:166)
	at org.gradle.internal.operations.DefaultBuildOperationRunner.execute(DefaultBu
ildOperationRunner.java:59)
	at org.gradle.internal.operations.DefaultBuildOperationRunner.call(DefaultBuild
OperationRunner.java:53)
6 actionable tasks: 1 executed, 5 up-to-date
	at org.gradle.workers.internal.AbstractWorker.executeWrappedInBuildOperation(Ab
stractWorker.java:41)
	at org.gradle.workers.internal.NoIsolationWorkerFactory$1.execute(NoIsolationWo
rkerFactory.java:59)
	at org.gradle.workers.internal.DefaultWorkerExecutor.lambda$submitWork$0(Defaul
tWorkerExecutor.java:176)
	at org.gradle.internal.work.DefaultConditionalExecutionQueue$ExecutionRunner.ru
nExecution(DefaultConditionalExecutionQueue.java:194)
	at org.gradle.internal.work.DefaultConditionalExecutionQueue$ExecutionRunner.ac
cess$700(DefaultConditionalExecutionQueue.java:127)
	at org.gradle.internal.work.DefaultConditionalExecutionQueue$ExecutionRunner$1.
run(DefaultConditionalExecutionQueue.java:169)
	at org.gradle.internal.Factories$1.create(Factories.java:31)
	at org.gradle.internal.work.DefaultWorkerLeaseService.withLocks(DefaultWorkerLe
aseService.java:263)
	at org.gradle.internal.work.DefaultWorkerLeaseService.runAsWorkerThread(Default
WorkerLeaseService.java:127)
	at org.gradle.internal.work.DefaultWorkerLeaseService.runAsWorkerThread(Default
WorkerLeaseService.java:132)
	at org.gradle.internal.work.DefaultConditionalExecutionQueue$ExecutionRunner.ru
nBatch(DefaultConditionalExecutionQueue.java:164)
	at org.gradle.internal.work.DefaultConditionalExecutionQueue$ExecutionRunner.ru
n(DefaultConditionalExecutionQueue.java:133)
	... 2 more


BUILD FAILED in 2m 3s
